TLC2 Version 2.19 of 08 August 2024 (rev: 5a47802)
Running breadth-first search Model-Checking with fp 57 and seed 1342755673158098982 with 8 workers on 10 cores with 3641MB heap and 64MB offheap memory [pid: 14068] (Mac OS X 15.6.1 aarch64, Homebrew 25 x86_64, MSBDiskFPSet, DiskStateQueue).
Parsing file /Users/admin/Developer/alpenglow-formal-verification/tla/AlpenglowMinimal.tla
Parsing file /private/var/folders/4q/rx_ns0jd53j3x4d5nr2qq8bm0000gn/T/Naturals.tla
Parsing file /private/var/folders/4q/rx_ns0jd53j3x4d5nr2qq8bm0000gn/T/FiniteSets.tla
Parsing file /private/var/folders/4q/rx_ns0jd53j3x4d5nr2qq8bm0000gn/T/Sequences.tla
Parsing file /private/var/folders/4q/rx_ns0jd53j3x4d5nr2qq8bm0000gn/T/TLC.tla
Semantic processing of module Naturals
Semantic processing of module Sequences
Semantic processing of module FiniteSets
Semantic processing of module TLC
Semantic processing of module AlpenglowMinimal
Starting... (2025-10-17 12:44:35)
Computing initial states...
Finished computing initial states: 1 distinct state generated at 2025-10-17 12:44:40.
Progress(24) at 2025-10-17 12:44:43: 200,639 states generated (200,639 s/min), 28,488 distinct states found (28,488 ds/min), 5,965 states left on queue.
Error: Deadlock reached.
Error: The behavior up to this point is:
State 1: <Initial predicate>
/\ notarizedBlocks = {[slot |-> -1, tag |-> "G"]}
/\ skipFallbackVotes = (0 :> {} @@ 1 :> {})
/\ delivered = ( n1 :> {[slot |-> -1, tag |-> "G"]} @@
  n2 :> {[slot |-> -1, tag |-> "G"]} @@
  n3 :> {[slot |-> -1, tag |-> "G"]} @@
  n4 :> {[slot |-> -1, tag |-> "G"]} @@
  n5 :> {[slot |-> -1, tag |-> "G"]} @@
  n6 :> {[slot |-> -1, tag |-> "G"]} )
/\ fastFinalized = {}
/\ skipVotes = (0 :> {} @@ 1 :> {})
/\ notarVotes = ( 0 :> ([slot |-> 0, tag |-> "A"] :> {} @@ [slot |-> 1, tag |-> "A"] :> {}) @@
  1 :> ([slot |-> 0, tag |-> "A"] :> {} @@ [slot |-> 1, tag |-> "A"] :> {}) )
/\ finalVotes = ( 0 :>
      ( n1 :> [slot |-> -2, tag |-> "NONE"] @@
        n2 :> [slot |-> -2, tag |-> "NONE"] @@
        n3 :> [slot |-> -2, tag |-> "NONE"] @@
        n4 :> [slot |-> -2, tag |-> "NONE"] @@
        n5 :> [slot |-> -2, tag |-> "NONE"] @@
        n6 :> [slot |-> -2, tag |-> "NONE"] ) @@
  1 :>
      ( n1 :> [slot |-> -2, tag |-> "NONE"] @@
        n2 :> [slot |-> -2, tag |-> "NONE"] @@
        n3 :> [slot |-> -2, tag |-> "NONE"] @@
        n4 :> [slot |-> -2, tag |-> "NONE"] @@
        n5 :> [slot |-> -2, tag |-> "NONE"] @@
        n6 :> [slot |-> -2, tag |-> "NONE"] ) )
/\ timeoutsFired = (0 :> FALSE @@ 1 :> FALSE)
/\ timeoutsArmed = (0 :> FALSE @@ 1 :> FALSE)
/\ parentReady = (0 :> TRUE @@ 1 :> TRUE)
/\ finalized = {[slot |-> -1, tag |-> "G"]}
/\ notarFallbackVotes = ( 0 :> ([slot |-> 0, tag |-> "A"] :> {} @@ [slot |-> 1, tag |-> "A"] :> {}) @@
  1 :> ([slot |-> 0, tag |-> "A"] :> {} @@ [slot |-> 1, tag |-> "A"] :> {}) )
/\ produced = {[slot |-> -1, tag |-> "G"]}

State 2: <ProduceBlock line 199, col 5 to line 207, col 64 of module AlpenglowMinimal>
/\ notarizedBlocks = {[slot |-> -1, tag |-> "G"]}
/\ skipFallbackVotes = (0 :> {} @@ 1 :> {})
/\ delivered = ( n1 :> {[slot |-> -1, tag |-> "G"], [slot |-> 0, tag |-> "A"]} @@
  n2 :> {[slot |-> -1, tag |-> "G"]} @@
  n3 :> {[slot |-> -1, tag |-> "G"]} @@
  n4 :> {[slot |-> -1, tag |-> "G"]} @@
  n5 :> {[slot |-> -1, tag |-> "G"]} @@
  n6 :> {[slot |-> -1, tag |-> "G"]} )
/\ fastFinalized = {}
/\ skipVotes = (0 :> {} @@ 1 :> {})
/\ notarVotes = ( 0 :> ([slot |-> 0, tag |-> "A"] :> {} @@ [slot |-> 1, tag |-> "A"] :> {}) @@
  1 :> ([slot |-> 0, tag |-> "A"] :> {} @@ [slot |-> 1, tag |-> "A"] :> {}) )
/\ finalVotes = ( 0 :>
      ( n1 :> [slot |-> -2, tag |-> "NONE"] @@
        n2 :> [slot |-> -2, tag |-> "NONE"] @@
        n3 :> [slot |-> -2, tag |-> "NONE"] @@
        n4 :> [slot |-> -2, tag |-> "NONE"] @@
        n5 :> [slot |-> -2, tag |-> "NONE"] @@
        n6 :> [slot |-> -2, tag |-> "NONE"] ) @@
  1 :>
      ( n1 :> [slot |-> -2, tag |-> "NONE"] @@
        n2 :> [slot |-> -2, tag |-> "NONE"] @@
        n3 :> [slot |-> -2, tag |-> "NONE"] @@
        n4 :> [slot |-> -2, tag |-> "NONE"] @@
        n5 :> [slot |-> -2, tag |-> "NONE"] @@
        n6 :> [slot |-> -2, tag |-> "NONE"] ) )
/\ timeoutsFired = (0 :> FALSE @@ 1 :> FALSE)
/\ timeoutsArmed = (0 :> FALSE @@ 1 :> FALSE)
/\ parentReady = (0 :> TRUE @@ 1 :> TRUE)
/\ finalized = {[slot |-> -1, tag |-> "G"]}
/\ notarFallbackVotes = ( 0 :> ([slot |-> 0, tag |-> "A"] :> {} @@ [slot |-> 1, tag |-> "A"] :> {}) @@
  1 :> ([slot |-> 0, tag |-> "A"] :> {} @@ [slot |-> 1, tag |-> "A"] :> {}) )
/\ produced = {[slot |-> -1, tag |-> "G"], [slot |-> 0, tag |-> "A"]}

State 3: <RotorAction line 392, col 33 to line 392, col 76 of module AlpenglowMinimal>
/\ notarizedBlocks = {[slot |-> -1, tag |-> "G"]}
/\ skipFallbackVotes = (0 :> {} @@ 1 :> {})
/\ delivered = ( n1 :> {[slot |-> -1, tag |-> "G"], [slot |-> 0, tag |-> "A"]} @@
  n2 :> {[slot |-> -1, tag |-> "G"], [slot |-> 0, tag |-> "A"]} @@
  n3 :> {[slot |-> -1, tag |-> "G"]} @@
  n4 :> {[slot |-> -1, tag |-> "G"]} @@
  n5 :> {[slot |-> -1, tag |-> "G"]} @@
  n6 :> {[slot |-> -1, tag |-> "G"]} )
/\ fastFinalized = {}
/\ skipVotes = (0 :> {} @@ 1 :> {})
/\ notarVotes = ( 0 :> ([slot |-> 0, tag |-> "A"] :> {} @@ [slot |-> 1, tag |-> "A"] :> {}) @@
  1 :> ([slot |-> 0, tag |-> "A"] :> {} @@ [slot |-> 1, tag |-> "A"] :> {}) )
/\ finalVotes = ( 0 :>
      ( n1 :> [slot |-> -2, tag |-> "NONE"] @@
        n2 :> [slot |-> -2, tag |-> "NONE"] @@
        n3 :> [slot |-> -2, tag |-> "NONE"] @@
        n4 :> [slot |-> -2, tag |-> "NONE"] @@
        n5 :> [slot |-> -2, tag |-> "NONE"] @@
        n6 :> [slot |-> -2, tag |-> "NONE"] ) @@
  1 :>
      ( n1 :> [slot |-> -2, tag |-> "NONE"] @@
        n2 :> [slot |-> -2, tag |-> "NONE"] @@
        n3 :> [slot |-> -2, tag |-> "NONE"] @@
        n4 :> [slot |-> -2, tag |-> "NONE"] @@
        n5 :> [slot |-> -2, tag |-> "NONE"] @@
        n6 :> [slot |-> -2, tag |-> "NONE"] ) )
/\ timeoutsFired = (0 :> FALSE @@ 1 :> FALSE)
/\ timeoutsArmed = (0 :> FALSE @@ 1 :> FALSE)
/\ parentReady = (0 :> TRUE @@ 1 :> TRUE)
/\ finalized = {[slot |-> -1, tag |-> "G"]}
/\ notarFallbackVotes = ( 0 :> ([slot |-> 0, tag |-> "A"] :> {} @@ [slot |-> 1, tag |-> "A"] :> {}) @@
  1 :> ([slot |-> 0, tag |-> "A"] :> {} @@ [slot |-> 1, tag |-> "A"] :> {}) )
/\ produced = {[slot |-> -1, tag |-> "G"], [slot |-> 0, tag |-> "A"]}

State 4: <HonestNotarize line 228, col 5 to line 233, col 64 of module AlpenglowMinimal>
/\ notarizedBlocks = {[slot |-> -1, tag |-> "G"]}
/\ skipFallbackVotes = (0 :> {} @@ 1 :> {})
/\ delivered = ( n1 :> {[slot |-> -1, tag |-> "G"], [slot |-> 0, tag |-> "A"]} @@
  n2 :> {[slot |-> -1, tag |-> "G"], [slot |-> 0, tag |-> "A"]} @@
  n3 :> {[slot |-> -1, tag |-> "G"]} @@
  n4 :> {[slot |-> -1, tag |-> "G"]} @@
  n5 :> {[slot |-> -1, tag |-> "G"]} @@
  n6 :> {[slot |-> -1, tag |-> "G"]} )
/\ fastFinalized = {}
/\ skipVotes = (0 :> {} @@ 1 :> {})
/\ notarVotes = ( 0 :> ([slot |-> 0, tag |-> "A"] :> {n1} @@ [slot |-> 1, tag |-> "A"] :> {}) @@
  1 :> ([slot |-> 0, tag |-> "A"] :> {} @@ [slot |-> 1, tag |-> "A"] :> {}) )
/\ finalVotes = ( 0 :>
      ( n1 :> [slot |-> -2, tag |-> "NONE"] @@
        n2 :> [slot |-> -2, tag |-> "NONE"] @@
        n3 :> [slot |-> -2, tag |-> "NONE"] @@
        n4 :> [slot |-> -2, tag |-> "NONE"] @@
        n5 :> [slot |-> -2, tag |-> "NONE"] @@
        n6 :> [slot |-> -2, tag |-> "NONE"] ) @@
  1 :>
      ( n1 :> [slot |-> -2, tag |-> "NONE"] @@
        n2 :> [slot |-> -2, tag |-> "NONE"] @@
        n3 :> [slot |-> -2, tag |-> "NONE"] @@
        n4 :> [slot |-> -2, tag |-> "NONE"] @@
        n5 :> [slot |-> -2, tag |-> "NONE"] @@
        n6 :> [slot |-> -2, tag |-> "NONE"] ) )
/\ timeoutsFired = (0 :> FALSE @@ 1 :> FALSE)
/\ timeoutsArmed = (0 :> FALSE @@ 1 :> FALSE)
/\ parentReady = (0 :> TRUE @@ 1 :> TRUE)
/\ finalized = {[slot |-> -1, tag |-> "G"]}
/\ notarFallbackVotes = ( 0 :> ([slot |-> 0, tag |-> "A"] :> {} @@ [slot |-> 1, tag |-> "A"] :> {}) @@
  1 :> ([slot |-> 0, tag |-> "A"] :> {} @@ [slot |-> 1, tag |-> "A"] :> {}) )
/\ produced = {[slot |-> -1, tag |-> "G"], [slot |-> 0, tag |-> "A"]}

State 5: <HonestNotarize line 228, col 5 to line 233, col 64 of module AlpenglowMinimal>
/\ notarizedBlocks = {[slot |-> -1, tag |-> "G"]}
/\ skipFallbackVotes = (0 :> {} @@ 1 :> {})
/\ delivered = ( n1 :> {[slot |-> -1, tag |-> "G"], [slot |-> 0, tag |-> "A"]} @@
  n2 :> {[slot |-> -1, tag |-> "G"], [slot |-> 0, tag |-> "A"]} @@
  n3 :> {[slot |-> -1, tag |-> "G"]} @@
  n4 :> {[slot |-> -1, tag |-> "G"]} @@
  n5 :> {[slot |-> -1, tag |-> "G"]} @@
  n6 :> {[slot |-> -1, tag |-> "G"]} )
/\ fastFinalized = {}
/\ skipVotes = (0 :> {} @@ 1 :> {})
/\ notarVotes = ( 0 :>
      ( [slot |-> 0, tag |-> "A"] :> {n1, n2} @@
        [slot |-> 1, tag |-> "A"] :> {} ) @@
  1 :> ([slot |-> 0, tag |-> "A"] :> {} @@ [slot |-> 1, tag |-> "A"] :> {}) )
/\ finalVotes = ( 0 :>
      ( n1 :> [slot |-> -2, tag |-> "NONE"] @@
        n2 :> [slot |-> -2, tag |-> "NONE"] @@
        n3 :> [slot |-> -2, tag |-> "NONE"] @@
        n4 :> [slot |-> -2, tag |-> "NONE"] @@
        n5 :> [slot |-> -2, tag |-> "NONE"] @@
        n6 :> [slot |-> -2, tag |-> "NONE"] ) @@
  1 :>
      ( n1 :> [slot |-> -2, tag |-> "NONE"] @@
        n2 :> [slot |-> -2, tag |-> "NONE"] @@
        n3 :> [slot |-> -2, tag |-> "NONE"] @@
        n4 :> [slot |-> -2, tag |-> "NONE"] @@
        n5 :> [slot |-> -2, tag |-> "NONE"] @@
        n6 :> [slot |-> -2, tag |-> "NONE"] ) )
/\ timeoutsFired = (0 :> FALSE @@ 1 :> FALSE)
/\ timeoutsArmed = (0 :> FALSE @@ 1 :> FALSE)
/\ parentReady = (0 :> TRUE @@ 1 :> TRUE)
/\ finalized = {[slot |-> -1, tag |-> "G"]}
/\ notarFallbackVotes = ( 0 :> ([slot |-> 0, tag |-> "A"] :> {} @@ [slot |-> 1, tag |-> "A"] :> {}) @@
  1 :> ([slot |-> 0, tag |-> "A"] :> {} @@ [slot |-> 1, tag |-> "A"] :> {}) )
/\ produced = {[slot |-> -1, tag |-> "G"], [slot |-> 0, tag |-> "A"]}

State 6: <RotorAction line 392, col 33 to line 392, col 76 of module AlpenglowMinimal>
/\ notarizedBlocks = {[slot |-> -1, tag |-> "G"]}
/\ skipFallbackVotes = (0 :> {} @@ 1 :> {})
/\ delivered = ( n1 :> {[slot |-> -1, tag |-> "G"], [slot |-> 0, tag |-> "A"]} @@
  n2 :> {[slot |-> -1, tag |-> "G"], [slot |-> 0, tag |-> "A"]} @@
  n3 :> {[slot |-> -1, tag |-> "G"], [slot |-> 0, tag |-> "A"]} @@
  n4 :> {[slot |-> -1, tag |-> "G"]} @@
  n5 :> {[slot |-> -1, tag |-> "G"]} @@
  n6 :> {[slot |-> -1, tag |-> "G"]} )
/\ fastFinalized = {}
/\ skipVotes = (0 :> {} @@ 1 :> {})
/\ notarVotes = ( 0 :>
      ( [slot |-> 0, tag |-> "A"] :> {n1, n2} @@
        [slot |-> 1, tag |-> "A"] :> {} ) @@
  1 :> ([slot |-> 0, tag |-> "A"] :> {} @@ [slot |-> 1, tag |-> "A"] :> {}) )
/\ finalVotes = ( 0 :>
      ( n1 :> [slot |-> -2, tag |-> "NONE"] @@
        n2 :> [slot |-> -2, tag |-> "NONE"] @@
        n3 :> [slot |-> -2, tag |-> "NONE"] @@
        n4 :> [slot |-> -2, tag |-> "NONE"] @@
        n5 :> [slot |-> -2, tag |-> "NONE"] @@
        n6 :> [slot |-> -2, tag |-> "NONE"] ) @@
  1 :>
      ( n1 :> [slot |-> -2, tag |-> "NONE"] @@
        n2 :> [slot |-> -2, tag |-> "NONE"] @@
        n3 :> [slot |-> -2, tag |-> "NONE"] @@
        n4 :> [slot |-> -2, tag |-> "NONE"] @@
        n5 :> [slot |-> -2, tag |-> "NONE"] @@
        n6 :> [slot |-> -2, tag |-> "NONE"] ) )
/\ timeoutsFired = (0 :> FALSE @@ 1 :> FALSE)
/\ timeoutsArmed = (0 :> FALSE @@ 1 :> FALSE)
/\ parentReady = (0 :> TRUE @@ 1 :> TRUE)
/\ finalized = {[slot |-> -1, tag |-> "G"]}
/\ notarFallbackVotes = ( 0 :> ([slot |-> 0, tag |-> "A"] :> {} @@ [slot |-> 1, tag |-> "A"] :> {}) @@
  1 :> ([slot |-> 0, tag |-> "A"] :> {} @@ [slot |-> 1, tag |-> "A"] :> {}) )
/\ produced = {[slot |-> -1, tag |-> "G"], [slot |-> 0, tag |-> "A"]}

State 7: <HonestNotarize line 228, col 5 to line 233, col 64 of module AlpenglowMinimal>
/\ notarizedBlocks = {[slot |-> -1, tag |-> "G"]}
/\ skipFallbackVotes = (0 :> {} @@ 1 :> {})
/\ delivered = ( n1 :> {[slot |-> -1, tag |-> "G"], [slot |-> 0, tag |-> "A"]} @@
  n2 :> {[slot |-> -1, tag |-> "G"], [slot |-> 0, tag |-> "A"]} @@
  n3 :> {[slot |-> -1, tag |-> "G"], [slot |-> 0, tag |-> "A"]} @@
  n4 :> {[slot |-> -1, tag |-> "G"]} @@
  n5 :> {[slot |-> -1, tag |-> "G"]} @@
  n6 :> {[slot |-> -1, tag |-> "G"]} )
/\ fastFinalized = {}
/\ skipVotes = (0 :> {} @@ 1 :> {})
/\ notarVotes = ( 0 :>
      ( [slot |-> 0, tag |-> "A"] :> {n1, n2, n3} @@
        [slot |-> 1, tag |-> "A"] :> {} ) @@
  1 :> ([slot |-> 0, tag |-> "A"] :> {} @@ [slot |-> 1, tag |-> "A"] :> {}) )
/\ finalVotes = ( 0 :>
      ( n1 :> [slot |-> -2, tag |-> "NONE"] @@
        n2 :> [slot |-> -2, tag |-> "NONE"] @@
        n3 :> [slot |-> -2, tag |-> "NONE"] @@
        n4 :> [slot |-> -2, tag |-> "NONE"] @@
        n5 :> [slot |-> -2, tag |-> "NONE"] @@
        n6 :> [slot |-> -2, tag |-> "NONE"] ) @@
  1 :>
      ( n1 :> [slot |-> -2, tag |-> "NONE"] @@
        n2 :> [slot |-> -2, tag |-> "NONE"] @@
        n3 :> [slot |-> -2, tag |-> "NONE"] @@
        n4 :> [slot |-> -2, tag |-> "NONE"] @@
        n5 :> [slot |-> -2, tag |-> "NONE"] @@
        n6 :> [slot |-> -2, tag |-> "NONE"] ) )
/\ timeoutsFired = (0 :> FALSE @@ 1 :> FALSE)
/\ timeoutsArmed = (0 :> FALSE @@ 1 :> FALSE)
/\ parentReady = (0 :> TRUE @@ 1 :> TRUE)
/\ finalized = {[slot |-> -1, tag |-> "G"]}
/\ notarFallbackVotes = ( 0 :> ([slot |-> 0, tag |-> "A"] :> {} @@ [slot |-> 1, tag |-> "A"] :> {}) @@
  1 :> ([slot |-> 0, tag |-> "A"] :> {} @@ [slot |-> 1, tag |-> "A"] :> {}) )
/\ produced = {[slot |-> -1, tag |-> "G"], [slot |-> 0, tag |-> "A"]}

State 8: <HonestFinalVote line 257, col 5 to line 261, col 64 of module AlpenglowMinimal>
/\ notarizedBlocks = {[slot |-> -1, tag |-> "G"]}
/\ skipFallbackVotes = (0 :> {} @@ 1 :> {})
/\ delivered = ( n1 :> {[slot |-> -1, tag |-> "G"], [slot |-> 0, tag |-> "A"]} @@
  n2 :> {[slot |-> -1, tag |-> "G"], [slot |-> 0, tag |-> "A"]} @@
  n3 :> {[slot |-> -1, tag |-> "G"], [slot |-> 0, tag |-> "A"]} @@
  n4 :> {[slot |-> -1, tag |-> "G"]} @@
  n5 :> {[slot |-> -1, tag |-> "G"]} @@
  n6 :> {[slot |-> -1, tag |-> "G"]} )
/\ fastFinalized = {}
/\ skipVotes = (0 :> {} @@ 1 :> {})
/\ notarVotes = ( 0 :>
      ( [slot |-> 0, tag |-> "A"] :> {n1, n2, n3} @@
        [slot |-> 1, tag |-> "A"] :> {} ) @@
  1 :> ([slot |-> 0, tag |-> "A"] :> {} @@ [slot |-> 1, tag |-> "A"] :> {}) )
/\ finalVotes = ( 0 :>
      ( n1 :> [slot |-> 0, tag |-> "A"] @@
        n2 :> [slot |-> -2, tag |-> "NONE"] @@
        n3 :> [slot |-> -2, tag |-> "NONE"] @@
        n4 :> [slot |-> -2, tag |-> "NONE"] @@
        n5 :> [slot |-> -2, tag |-> "NONE"] @@
        n6 :> [slot |-> -2, tag |-> "NONE"] ) @@
  1 :>
      ( n1 :> [slot |-> -2, tag |-> "NONE"] @@
        n2 :> [slot |-> -2, tag |-> "NONE"] @@
        n3 :> [slot |-> -2, tag |-> "NONE"] @@
        n4 :> [slot |-> -2, tag |-> "NONE"] @@
        n5 :> [slot |-> -2, tag |-> "NONE"] @@
        n6 :> [slot |-> -2, tag |-> "NONE"] ) )
/\ timeoutsFired = (0 :> FALSE @@ 1 :> FALSE)
/\ timeoutsArmed = (0 :> FALSE @@ 1 :> FALSE)
/\ parentReady = (0 :> TRUE @@ 1 :> TRUE)
/\ finalized = {[slot |-> -1, tag |-> "G"]}
/\ notarFallbackVotes = ( 0 :> ([slot |-> 0, tag |-> "A"] :> {} @@ [slot |-> 1, tag |-> "A"] :> {}) @@
  1 :> ([slot |-> 0, tag |-> "A"] :> {} @@ [slot |-> 1, tag |-> "A"] :> {}) )
/\ produced = {[slot |-> -1, tag |-> "G"], [slot |-> 0, tag |-> "A"]}

State 9: <HonestFinalVote line 257, col 5 to line 261, col 64 of module AlpenglowMinimal>
/\ notarizedBlocks = {[slot |-> -1, tag |-> "G"]}
/\ skipFallbackVotes = (0 :> {} @@ 1 :> {})
/\ delivered = ( n1 :> {[slot |-> -1, tag |-> "G"], [slot |-> 0, tag |-> "A"]} @@
  n2 :> {[slot |-> -1, tag |-> "G"], [slot |-> 0, tag |-> "A"]} @@
  n3 :> {[slot |-> -1, tag |-> "G"], [slot |-> 0, tag |-> "A"]} @@
  n4 :> {[slot |-> -1, tag |-> "G"]} @@
  n5 :> {[slot |-> -1, tag |-> "G"]} @@
  n6 :> {[slot |-> -1, tag |-> "G"]} )
/\ fastFinalized = {}
/\ skipVotes = (0 :> {} @@ 1 :> {})
/\ notarVotes = ( 0 :>
      ( [slot |-> 0, tag |-> "A"] :> {n1, n2, n3} @@
        [slot |-> 1, tag |-> "A"] :> {} ) @@
  1 :> ([slot |-> 0, tag |-> "A"] :> {} @@ [slot |-> 1, tag |-> "A"] :> {}) )
/\ finalVotes = ( 0 :>
      ( n1 :> [slot |-> 0, tag |-> "A"] @@
        n2 :> [slot |-> 0, tag |-> "A"] @@
        n3 :> [slot |-> -2, tag |-> "NONE"] @@
        n4 :> [slot |-> -2, tag |-> "NONE"] @@
        n5 :> [slot |-> -2, tag |-> "NONE"] @@
        n6 :> [slot |-> -2, tag |-> "NONE"] ) @@
  1 :>
      ( n1 :> [slot |-> -2, tag |-> "NONE"] @@
        n2 :> [slot |-> -2, tag |-> "NONE"] @@
        n3 :> [slot |-> -2, tag |-> "NONE"] @@
        n4 :> [slot |-> -2, tag |-> "NONE"] @@
        n5 :> [slot |-> -2, tag |-> "NONE"] @@
        n6 :> [slot |-> -2, tag |-> "NONE"] ) )
/\ timeoutsFired = (0 :> FALSE @@ 1 :> FALSE)
/\ timeoutsArmed = (0 :> FALSE @@ 1 :> FALSE)
/\ parentReady = (0 :> TRUE @@ 1 :> TRUE)
/\ finalized = {[slot |-> -1, tag |-> "G"]}
/\ notarFallbackVotes = ( 0 :> ([slot |-> 0, tag |-> "A"] :> {} @@ [slot |-> 1, tag |-> "A"] :> {}) @@
  1 :> ([slot |-> 0, tag |-> "A"] :> {} @@ [slot |-> 1, tag |-> "A"] :> {}) )
/\ produced = {[slot |-> -1, tag |-> "G"], [slot |-> 0, tag |-> "A"]}

State 10: <HonestFinalVote line 257, col 5 to line 261, col 64 of module AlpenglowMinimal>
/\ notarizedBlocks = {[slot |-> -1, tag |-> "G"]}
/\ skipFallbackVotes = (0 :> {} @@ 1 :> {})
/\ delivered = ( n1 :> {[slot |-> -1, tag |-> "G"], [slot |-> 0, tag |-> "A"]} @@
  n2 :> {[slot |-> -1, tag |-> "G"], [slot |-> 0, tag |-> "A"]} @@
  n3 :> {[slot |-> -1, tag |-> "G"], [slot |-> 0, tag |-> "A"]} @@
  n4 :> {[slot |-> -1, tag |-> "G"]} @@
  n5 :> {[slot |-> -1, tag |-> "G"]} @@
  n6 :> {[slot |-> -1, tag |-> "G"]} )
/\ fastFinalized = {}
/\ skipVotes = (0 :> {} @@ 1 :> {})
/\ notarVotes = ( 0 :>
      ( [slot |-> 0, tag |-> "A"] :> {n1, n2, n3} @@
        [slot |-> 1, tag |-> "A"] :> {} ) @@
  1 :> ([slot |-> 0, tag |-> "A"] :> {} @@ [slot |-> 1, tag |-> "A"] :> {}) )
/\ finalVotes = ( 0 :>
      ( n1 :> [slot |-> 0, tag |-> "A"] @@
        n2 :> [slot |-> 0, tag |-> "A"] @@
        n3 :> [slot |-> 0, tag |-> "A"] @@
        n4 :> [slot |-> -2, tag |-> "NONE"] @@
        n5 :> [slot |-> -2, tag |-> "NONE"] @@
        n6 :> [slot |-> -2, tag |-> "NONE"] ) @@
  1 :>
      ( n1 :> [slot |-> -2, tag |-> "NONE"] @@
        n2 :> [slot |-> -2, tag |-> "NONE"] @@
        n3 :> [slot |-> -2, tag |-> "NONE"] @@
        n4 :> [slot |-> -2, tag |-> "NONE"] @@
        n5 :> [slot |-> -2, tag |-> "NONE"] @@
        n6 :> [slot |-> -2, tag |-> "NONE"] ) )
/\ timeoutsFired = (0 :> FALSE @@ 1 :> FALSE)
/\ timeoutsArmed = (0 :> FALSE @@ 1 :> FALSE)
/\ parentReady = (0 :> TRUE @@ 1 :> TRUE)
/\ finalized = {[slot |-> -1, tag |-> "G"]}
/\ notarFallbackVotes = ( 0 :> ([slot |-> 0, tag |-> "A"] :> {} @@ [slot |-> 1, tag |-> "A"] :> {}) @@
  1 :> ([slot |-> 0, tag |-> "A"] :> {} @@ [slot |-> 1, tag |-> "A"] :> {}) )
/\ produced = {[slot |-> -1, tag |-> "G"], [slot |-> 0, tag |-> "A"]}

State 11: <RotorAction line 392, col 33 to line 392, col 76 of module AlpenglowMinimal>
/\ notarizedBlocks = {[slot |-> -1, tag |-> "G"]}
/\ skipFallbackVotes = (0 :> {} @@ 1 :> {})
/\ delivered = ( n1 :> {[slot |-> -1, tag |-> "G"], [slot |-> 0, tag |-> "A"]} @@
  n2 :> {[slot |-> -1, tag |-> "G"], [slot |-> 0, tag |-> "A"]} @@
  n3 :> {[slot |-> -1, tag |-> "G"], [slot |-> 0, tag |-> "A"]} @@
  n4 :> {[slot |-> -1, tag |-> "G"], [slot |-> 0, tag |-> "A"]} @@
  n5 :> {[slot |-> -1, tag |-> "G"]} @@
  n6 :> {[slot |-> -1, tag |-> "G"]} )
/\ fastFinalized = {}
/\ skipVotes = (0 :> {} @@ 1 :> {})
/\ notarVotes = ( 0 :>
      ( [slot |-> 0, tag |-> "A"] :> {n1, n2, n3} @@
        [slot |-> 1, tag |-> "A"] :> {} ) @@
  1 :> ([slot |-> 0, tag |-> "A"] :> {} @@ [slot |-> 1, tag |-> "A"] :> {}) )
/\ finalVotes = ( 0 :>
      ( n1 :> [slot |-> 0, tag |-> "A"] @@
        n2 :> [slot |-> 0, tag |-> "A"] @@
        n3 :> [slot |-> 0, tag |-> "A"] @@
        n4 :> [slot |-> -2, tag |-> "NONE"] @@
        n5 :> [slot |-> -2, tag |-> "NONE"] @@
        n6 :> [slot |-> -2, tag |-> "NONE"] ) @@
  1 :>
      ( n1 :> [slot |-> -2, tag |-> "NONE"] @@
        n2 :> [slot |-> -2, tag |-> "NONE"] @@
        n3 :> [slot |-> -2, tag |-> "NONE"] @@
        n4 :> [slot |-> -2, tag |-> "NONE"] @@
        n5 :> [slot |-> -2, tag |-> "NONE"] @@
        n6 :> [slot |-> -2, tag |-> "NONE"] ) )
/\ timeoutsFired = (0 :> FALSE @@ 1 :> FALSE)
/\ timeoutsArmed = (0 :> FALSE @@ 1 :> FALSE)
/\ parentReady = (0 :> TRUE @@ 1 :> TRUE)
/\ finalized = {[slot |-> -1, tag |-> "G"]}
/\ notarFallbackVotes = ( 0 :> ([slot |-> 0, tag |-> "A"] :> {} @@ [slot |-> 1, tag |-> "A"] :> {}) @@
  1 :> ([slot |-> 0, tag |-> "A"] :> {} @@ [slot |-> 1, tag |-> "A"] :> {}) )
/\ produced = {[slot |-> -1, tag |-> "G"], [slot |-> 0, tag |-> "A"]}

State 12: <HonestNotarize line 228, col 5 to line 233, col 64 of module AlpenglowMinimal>
/\ notarizedBlocks = {[slot |-> -1, tag |-> "G"]}
/\ skipFallbackVotes = (0 :> {} @@ 1 :> {})
/\ delivered = ( n1 :> {[slot |-> -1, tag |-> "G"], [slot |-> 0, tag |-> "A"]} @@
  n2 :> {[slot |-> -1, tag |-> "G"], [slot |-> 0, tag |-> "A"]} @@
  n3 :> {[slot |-> -1, tag |-> "G"], [slot |-> 0, tag |-> "A"]} @@
  n4 :> {[slot |-> -1, tag |-> "G"], [slot |-> 0, tag |-> "A"]} @@
  n5 :> {[slot |-> -1, tag |-> "G"]} @@
  n6 :> {[slot |-> -1, tag |-> "G"]} )
/\ fastFinalized = {}
/\ skipVotes = (0 :> {} @@ 1 :> {})
/\ notarVotes = ( 0 :>
      ( [slot |-> 0, tag |-> "A"] :> {n1, n2, n3, n4} @@
        [slot |-> 1, tag |-> "A"] :> {} ) @@
  1 :> ([slot |-> 0, tag |-> "A"] :> {} @@ [slot |-> 1, tag |-> "A"] :> {}) )
/\ finalVotes = ( 0 :>
      ( n1 :> [slot |-> 0, tag |-> "A"] @@
        n2 :> [slot |-> 0, tag |-> "A"] @@
        n3 :> [slot |-> 0, tag |-> "A"] @@
        n4 :> [slot |-> -2, tag |-> "NONE"] @@
        n5 :> [slot |-> -2, tag |-> "NONE"] @@
        n6 :> [slot |-> -2, tag |-> "NONE"] ) @@
  1 :>
      ( n1 :> [slot |-> -2, tag |-> "NONE"] @@
        n2 :> [slot |-> -2, tag |-> "NONE"] @@
        n3 :> [slot |-> -2, tag |-> "NONE"] @@
        n4 :> [slot |-> -2, tag |-> "NONE"] @@
        n5 :> [slot |-> -2, tag |-> "NONE"] @@
        n6 :> [slot |-> -2, tag |-> "NONE"] ) )
/\ timeoutsFired = (0 :> FALSE @@ 1 :> FALSE)
/\ timeoutsArmed = (0 :> FALSE @@ 1 :> FALSE)
/\ parentReady = (0 :> TRUE @@ 1 :> TRUE)
/\ finalized = {[slot |-> -1, tag |-> "G"]}
/\ notarFallbackVotes = ( 0 :> ([slot |-> 0, tag |-> "A"] :> {} @@ [slot |-> 1, tag |-> "A"] :> {}) @@
  1 :> ([slot |-> 0, tag |-> "A"] :> {} @@ [slot |-> 1, tag |-> "A"] :> {}) )
/\ produced = {[slot |-> -1, tag |-> "G"], [slot |-> 0, tag |-> "A"]}

State 13: <HonestFinalVote line 257, col 5 to line 261, col 64 of module AlpenglowMinimal>
/\ notarizedBlocks = {[slot |-> -1, tag |-> "G"]}
/\ skipFallbackVotes = (0 :> {} @@ 1 :> {})
/\ delivered = ( n1 :> {[slot |-> -1, tag |-> "G"], [slot |-> 0, tag |-> "A"]} @@
  n2 :> {[slot |-> -1, tag |-> "G"], [slot |-> 0, tag |-> "A"]} @@
  n3 :> {[slot |-> -1, tag |-> "G"], [slot |-> 0, tag |-> "A"]} @@
  n4 :> {[slot |-> -1, tag |-> "G"], [slot |-> 0, tag |-> "A"]} @@
  n5 :> {[slot |-> -1, tag |-> "G"]} @@
  n6 :> {[slot |-> -1, tag |-> "G"]} )
/\ fastFinalized = {}
/\ skipVotes = (0 :> {} @@ 1 :> {})
/\ notarVotes = ( 0 :>
      ( [slot |-> 0, tag |-> "A"] :> {n1, n2, n3, n4} @@
        [slot |-> 1, tag |-> "A"] :> {} ) @@
  1 :> ([slot |-> 0, tag |-> "A"] :> {} @@ [slot |-> 1, tag |-> "A"] :> {}) )
/\ finalVotes = ( 0 :>
      ( n1 :> [slot |-> 0, tag |-> "A"] @@
        n2 :> [slot |-> 0, tag |-> "A"] @@
        n3 :> [slot |-> 0, tag |-> "A"] @@
        n4 :> [slot |-> 0, tag |-> "A"] @@
        n5 :> [slot |-> -2, tag |-> "NONE"] @@
        n6 :> [slot |-> -2, tag |-> "NONE"] ) @@
  1 :>
      ( n1 :> [slot |-> -2, tag |-> "NONE"] @@
        n2 :> [slot |-> -2, tag |-> "NONE"] @@
        n3 :> [slot |-> -2, tag |-> "NONE"] @@
        n4 :> [slot |-> -2, tag |-> "NONE"] @@
        n5 :> [slot |-> -2, tag |-> "NONE"] @@
        n6 :> [slot |-> -2, tag |-> "NONE"] ) )
/\ timeoutsFired = (0 :> FALSE @@ 1 :> FALSE)
/\ timeoutsArmed = (0 :> FALSE @@ 1 :> FALSE)
/\ parentReady = (0 :> TRUE @@ 1 :> TRUE)
/\ finalized = {[slot |-> -1, tag |-> "G"]}
/\ notarFallbackVotes = ( 0 :> ([slot |-> 0, tag |-> "A"] :> {} @@ [slot |-> 1, tag |-> "A"] :> {}) @@
  1 :> ([slot |-> 0, tag |-> "A"] :> {} @@ [slot |-> 1, tag |-> "A"] :> {}) )
/\ produced = {[slot |-> -1, tag |-> "G"], [slot |-> 0, tag |-> "A"]}

State 14: <RegisterFastFinalCertificate line 272, col 5 to line 282, col 36 of module AlpenglowMinimal>
/\ notarizedBlocks = {[slot |-> -1, tag |-> "G"], [slot |-> 0, tag |-> "A"]}
/\ skipFallbackVotes = (0 :> {} @@ 1 :> {})
/\ delivered = ( n1 :> {[slot |-> -1, tag |-> "G"], [slot |-> 0, tag |-> "A"]} @@
  n2 :> {[slot |-> -1, tag |-> "G"], [slot |-> 0, tag |-> "A"]} @@
  n3 :> {[slot |-> -1, tag |-> "G"], [slot |-> 0, tag |-> "A"]} @@
  n4 :> {[slot |-> -1, tag |-> "G"], [slot |-> 0, tag |-> "A"]} @@
  n5 :> {[slot |-> -1, tag |-> "G"]} @@
  n6 :> {[slot |-> -1, tag |-> "G"]} )
/\ fastFinalized = {[slot |-> 0, tag |-> "A"]}
/\ skipVotes = (0 :> {} @@ 1 :> {})
/\ notarVotes = ( 0 :>
      ( [slot |-> 0, tag |-> "A"] :> {n1, n2, n3, n4} @@
        [slot |-> 1, tag |-> "A"] :> {} ) @@
  1 :> ([slot |-> 0, tag |-> "A"] :> {} @@ [slot |-> 1, tag |-> "A"] :> {}) )
/\ finalVotes = ( 0 :>
      ( n1 :> [slot |-> 0, tag |-> "A"] @@
        n2 :> [slot |-> 0, tag |-> "A"] @@
        n3 :> [slot |-> 0, tag |-> "A"] @@
        n4 :> [slot |-> 0, tag |-> "A"] @@
        n5 :> [slot |-> -2, tag |-> "NONE"] @@
        n6 :> [slot |-> -2, tag |-> "NONE"] ) @@
  1 :>
      ( n1 :> [slot |-> -2, tag |-> "NONE"] @@
        n2 :> [slot |-> -2, tag |-> "NONE"] @@
        n3 :> [slot |-> -2, tag |-> "NONE"] @@
        n4 :> [slot |-> -2, tag |-> "NONE"] @@
        n5 :> [slot |-> -2, tag |-> "NONE"] @@
        n6 :> [slot |-> -2, tag |-> "NONE"] ) )
/\ timeoutsFired = (0 :> FALSE @@ 1 :> FALSE)
/\ timeoutsArmed = (0 :> FALSE @@ 1 :> FALSE)
/\ parentReady = (0 :> TRUE @@ 1 :> TRUE)
/\ finalized = {[slot |-> -1, tag |-> "G"], [slot |-> 0, tag |-> "A"]}
/\ notarFallbackVotes = ( 0 :> ([slot |-> 0, tag |-> "A"] :> {} @@ [slot |-> 1, tag |-> "A"] :> {}) @@
  1 :> ([slot |-> 0, tag |-> "A"] :> {} @@ [slot |-> 1, tag |-> "A"] :> {}) )
/\ produced = {[slot |-> -1, tag |-> "G"], [slot |-> 0, tag |-> "A"]}

State 15: <ProduceBlock line 199, col 5 to line 207, col 64 of module AlpenglowMinimal>
/\ notarizedBlocks = {[slot |-> -1, tag |-> "G"], [slot |-> 0, tag |-> "A"]}
/\ skipFallbackVotes = (0 :> {} @@ 1 :> {})
/\ delivered = ( n1 :>
      { [slot |-> -1, tag |-> "G"],
        [slot |-> 0, tag |-> "A"],
        [slot |-> 1, tag |-> "A"] } @@
  n2 :> {[slot |-> -1, tag |-> "G"], [slot |-> 0, tag |-> "A"]} @@
  n3 :> {[slot |-> -1, tag |-> "G"], [slot |-> 0, tag |-> "A"]} @@
  n4 :> {[slot |-> -1, tag |-> "G"], [slot |-> 0, tag |-> "A"]} @@
  n5 :> {[slot |-> -1, tag |-> "G"]} @@
  n6 :> {[slot |-> -1, tag |-> "G"]} )
/\ fastFinalized = {[slot |-> 0, tag |-> "A"]}
/\ skipVotes = (0 :> {} @@ 1 :> {})
/\ notarVotes = ( 0 :>
      ( [slot |-> 0, tag |-> "A"] :> {n1, n2, n3, n4} @@
        [slot |-> 1, tag |-> "A"] :> {} ) @@
  1 :> ([slot |-> 0, tag |-> "A"] :> {} @@ [slot |-> 1, tag |-> "A"] :> {}) )
/\ finalVotes = ( 0 :>
      ( n1 :> [slot |-> 0, tag |-> "A"] @@
        n2 :> [slot |-> 0, tag |-> "A"] @@
        n3 :> [slot |-> 0, tag |-> "A"] @@
        n4 :> [slot |-> 0, tag |-> "A"] @@
        n5 :> [slot |-> -2, tag |-> "NONE"] @@
        n6 :> [slot |-> -2, tag |-> "NONE"] ) @@
  1 :>
      ( n1 :> [slot |-> -2, tag |-> "NONE"] @@
        n2 :> [slot |-> -2, tag |-> "NONE"] @@
        n3 :> [slot |-> -2, tag |-> "NONE"] @@
        n4 :> [slot |-> -2, tag |-> "NONE"] @@
        n5 :> [slot |-> -2, tag |-> "NONE"] @@
        n6 :> [slot |-> -2, tag |-> "NONE"] ) )
/\ timeoutsFired = (0 :> FALSE @@ 1 :> FALSE)
/\ timeoutsArmed = (0 :> FALSE @@ 1 :> FALSE)
/\ parentReady = (0 :> TRUE @@ 1 :> TRUE)
/\ finalized = {[slot |-> -1, tag |-> "G"], [slot |-> 0, tag |-> "A"]}
/\ notarFallbackVotes = ( 0 :> ([slot |-> 0, tag |-> "A"] :> {} @@ [slot |-> 1, tag |-> "A"] :> {}) @@
  1 :> ([slot |-> 0, tag |-> "A"] :> {} @@ [slot |-> 1, tag |-> "A"] :> {}) )
/\ produced = { [slot |-> -1, tag |-> "G"],
  [slot |-> 0, tag |-> "A"],
  [slot |-> 1, tag |-> "A"] }

State 16: <RotorAction line 392, col 33 to line 392, col 76 of module AlpenglowMinimal>
/\ notarizedBlocks = {[slot |-> -1, tag |-> "G"], [slot |-> 0, tag |-> "A"]}
/\ skipFallbackVotes = (0 :> {} @@ 1 :> {})
/\ delivered = ( n1 :>
      { [slot |-> -1, tag |-> "G"],
        [slot |-> 0, tag |-> "A"],
        [slot |-> 1, tag |-> "A"] } @@
  n2 :>
      { [slot |-> -1, tag |-> "G"],
        [slot |-> 0, tag |-> "A"],
        [slot |-> 1, tag |-> "A"] } @@
  n3 :> {[slot |-> -1, tag |-> "G"], [slot |-> 0, tag |-> "A"]} @@
  n4 :> {[slot |-> -1, tag |-> "G"], [slot |-> 0, tag |-> "A"]} @@
  n5 :> {[slot |-> -1, tag |-> "G"]} @@
  n6 :> {[slot |-> -1, tag |-> "G"]} )
/\ fastFinalized = {[slot |-> 0, tag |-> "A"]}
/\ skipVotes = (0 :> {} @@ 1 :> {})
/\ notarVotes = ( 0 :>
      ( [slot |-> 0, tag |-> "A"] :> {n1, n2, n3, n4} @@
        [slot |-> 1, tag |-> "A"] :> {} ) @@
  1 :> ([slot |-> 0, tag |-> "A"] :> {} @@ [slot |-> 1, tag |-> "A"] :> {}) )
/\ finalVotes = ( 0 :>
      ( n1 :> [slot |-> 0, tag |-> "A"] @@
        n2 :> [slot |-> 0, tag |-> "A"] @@
        n3 :> [slot |-> 0, tag |-> "A"] @@
        n4 :> [slot |-> 0, tag |-> "A"] @@
        n5 :> [slot |-> -2, tag |-> "NONE"] @@
        n6 :> [slot |-> -2, tag |-> "NONE"] ) @@
  1 :>
      ( n1 :> [slot |-> -2, tag |-> "NONE"] @@
        n2 :> [slot |-> -2, tag |-> "NONE"] @@
        n3 :> [slot |-> -2, tag |-> "NONE"] @@
        n4 :> [slot |-> -2, tag |-> "NONE"] @@
        n5 :> [slot |-> -2, tag |-> "NONE"] @@
        n6 :> [slot |-> -2, tag |-> "NONE"] ) )
/\ timeoutsFired = (0 :> FALSE @@ 1 :> FALSE)
/\ timeoutsArmed = (0 :> FALSE @@ 1 :> FALSE)
/\ parentReady = (0 :> TRUE @@ 1 :> TRUE)
/\ finalized = {[slot |-> -1, tag |-> "G"], [slot |-> 0, tag |-> "A"]}
/\ notarFallbackVotes = ( 0 :> ([slot |-> 0, tag |-> "A"] :> {} @@ [slot |-> 1, tag |-> "A"] :> {}) @@
  1 :> ([slot |-> 0, tag |-> "A"] :> {} @@ [slot |-> 1, tag |-> "A"] :> {}) )
/\ produced = { [slot |-> -1, tag |-> "G"],
  [slot |-> 0, tag |-> "A"],
  [slot |-> 1, tag |-> "A"] }

State 17: <HonestNotarize line 228, col 5 to line 233, col 64 of module AlpenglowMinimal>
/\ notarizedBlocks = {[slot |-> -1, tag |-> "G"], [slot |-> 0, tag |-> "A"]}
/\ skipFallbackVotes = (0 :> {} @@ 1 :> {})
/\ delivered = ( n1 :>
      { [slot |-> -1, tag |-> "G"],
        [slot |-> 0, tag |-> "A"],
        [slot |-> 1, tag |-> "A"] } @@
  n2 :>
      { [slot |-> -1, tag |-> "G"],
        [slot |-> 0, tag |-> "A"],
        [slot |-> 1, tag |-> "A"] } @@
  n3 :> {[slot |-> -1, tag |-> "G"], [slot |-> 0, tag |-> "A"]} @@
  n4 :> {[slot |-> -1, tag |-> "G"], [slot |-> 0, tag |-> "A"]} @@
  n5 :> {[slot |-> -1, tag |-> "G"]} @@
  n6 :> {[slot |-> -1, tag |-> "G"]} )
/\ fastFinalized = {[slot |-> 0, tag |-> "A"]}
/\ skipVotes = (0 :> {} @@ 1 :> {})
/\ notarVotes = ( 0 :>
      ( [slot |-> 0, tag |-> "A"] :> {n1, n2, n3, n4} @@
        [slot |-> 1, tag |-> "A"] :> {} ) @@
  1 :> ([slot |-> 0, tag |-> "A"] :> {} @@ [slot |-> 1, tag |-> "A"] :> {n1}) )
/\ finalVotes = ( 0 :>
      ( n1 :> [slot |-> 0, tag |-> "A"] @@
        n2 :> [slot |-> 0, tag |-> "A"] @@
        n3 :> [slot |-> 0, tag |-> "A"] @@
        n4 :> [slot |-> 0, tag |-> "A"] @@
        n5 :> [slot |-> -2, tag |-> "NONE"] @@
        n6 :> [slot |-> -2, tag |-> "NONE"] ) @@
  1 :>
      ( n1 :> [slot |-> -2, tag |-> "NONE"] @@
        n2 :> [slot |-> -2, tag |-> "NONE"] @@
        n3 :> [slot |-> -2, tag |-> "NONE"] @@
        n4 :> [slot |-> -2, tag |-> "NONE"] @@
        n5 :> [slot |-> -2, tag |-> "NONE"] @@
        n6 :> [slot |-> -2, tag |-> "NONE"] ) )
/\ timeoutsFired = (0 :> FALSE @@ 1 :> FALSE)
/\ timeoutsArmed = (0 :> FALSE @@ 1 :> FALSE)
/\ parentReady = (0 :> TRUE @@ 1 :> TRUE)
/\ finalized = {[slot |-> -1, tag |-> "G"], [slot |-> 0, tag |-> "A"]}
/\ notarFallbackVotes = ( 0 :> ([slot |-> 0, tag |-> "A"] :> {} @@ [slot |-> 1, tag |-> "A"] :> {}) @@
  1 :> ([slot |-> 0, tag |-> "A"] :> {} @@ [slot |-> 1, tag |-> "A"] :> {}) )
/\ produced = { [slot |-> -1, tag |-> "G"],
  [slot |-> 0, tag |-> "A"],
  [slot |-> 1, tag |-> "A"] }

State 18: <HonestNotarize line 228, col 5 to line 233, col 64 of module AlpenglowMinimal>
/\ notarizedBlocks = {[slot |-> -1, tag |-> "G"], [slot |-> 0, tag |-> "A"]}
/\ skipFallbackVotes = (0 :> {} @@ 1 :> {})
/\ delivered = ( n1 :>
      { [slot |-> -1, tag |-> "G"],
        [slot |-> 0, tag |-> "A"],
        [slot |-> 1, tag |-> "A"] } @@
  n2 :>
      { [slot |-> -1, tag |-> "G"],
        [slot |-> 0, tag |-> "A"],
        [slot |-> 1, tag |-> "A"] } @@
  n3 :> {[slot |-> -1, tag |-> "G"], [slot |-> 0, tag |-> "A"]} @@
  n4 :> {[slot |-> -1, tag |-> "G"], [slot |-> 0, tag |-> "A"]} @@
  n5 :> {[slot |-> -1, tag |-> "G"]} @@
  n6 :> {[slot |-> -1, tag |-> "G"]} )
/\ fastFinalized = {[slot |-> 0, tag |-> "A"]}
/\ skipVotes = (0 :> {} @@ 1 :> {})
/\ notarVotes = ( 0 :>
      ( [slot |-> 0, tag |-> "A"] :> {n1, n2, n3, n4} @@
        [slot |-> 1, tag |-> "A"] :> {} ) @@
  1 :>
      ( [slot |-> 0, tag |-> "A"] :> {} @@
        [slot |-> 1, tag |-> "A"] :> {n1, n2} ) )
/\ finalVotes = ( 0 :>
      ( n1 :> [slot |-> 0, tag |-> "A"] @@
        n2 :> [slot |-> 0, tag |-> "A"] @@
        n3 :> [slot |-> 0, tag |-> "A"] @@
        n4 :> [slot |-> 0, tag |-> "A"] @@
        n5 :> [slot |-> -2, tag |-> "NONE"] @@
        n6 :> [slot |-> -2, tag |-> "NONE"] ) @@
  1 :>
      ( n1 :> [slot |-> -2, tag |-> "NONE"] @@
        n2 :> [slot |-> -2, tag |-> "NONE"] @@
        n3 :> [slot |-> -2, tag |-> "NONE"] @@
        n4 :> [slot |-> -2, tag |-> "NONE"] @@
        n5 :> [slot |-> -2, tag |-> "NONE"] @@
        n6 :> [slot |-> -2, tag |-> "NONE"] ) )
/\ timeoutsFired = (0 :> FALSE @@ 1 :> FALSE)
/\ timeoutsArmed = (0 :> FALSE @@ 1 :> FALSE)
/\ parentReady = (0 :> TRUE @@ 1 :> TRUE)
/\ finalized = {[slot |-> -1, tag |-> "G"], [slot |-> 0, tag |-> "A"]}
/\ notarFallbackVotes = ( 0 :> ([slot |-> 0, tag |-> "A"] :> {} @@ [slot |-> 1, tag |-> "A"] :> {}) @@
  1 :> ([slot |-> 0, tag |-> "A"] :> {} @@ [slot |-> 1, tag |-> "A"] :> {}) )
/\ produced = { [slot |-> -1, tag |-> "G"],
  [slot |-> 0, tag |-> "A"],
  [slot |-> 1, tag |-> "A"] }

State 19: <RotorAction line 392, col 33 to line 392, col 76 of module AlpenglowMinimal>
/\ notarizedBlocks = {[slot |-> -1, tag |-> "G"], [slot |-> 0, tag |-> "A"]}
/\ skipFallbackVotes = (0 :> {} @@ 1 :> {})
/\ delivered = ( n1 :>
      { [slot |-> -1, tag |-> "G"],
        [slot |-> 0, tag |-> "A"],
        [slot |-> 1, tag |-> "A"] } @@
  n2 :>
      { [slot |-> -1, tag |-> "G"],
        [slot |-> 0, tag |-> "A"],
        [slot |-> 1, tag |-> "A"] } @@
  n3 :>
      { [slot |-> -1, tag |-> "G"],
        [slot |-> 0, tag |-> "A"],
        [slot |-> 1, tag |-> "A"] } @@
  n4 :> {[slot |-> -1, tag |-> "G"], [slot |-> 0, tag |-> "A"]} @@
  n5 :> {[slot |-> -1, tag |-> "G"]} @@
  n6 :> {[slot |-> -1, tag |-> "G"]} )
/\ fastFinalized = {[slot |-> 0, tag |-> "A"]}
/\ skipVotes = (0 :> {} @@ 1 :> {})
/\ notarVotes = ( 0 :>
      ( [slot |-> 0, tag |-> "A"] :> {n1, n2, n3, n4} @@
        [slot |-> 1, tag |-> "A"] :> {} ) @@
  1 :>
      ( [slot |-> 0, tag |-> "A"] :> {} @@
        [slot |-> 1, tag |-> "A"] :> {n1, n2} ) )
/\ finalVotes = ( 0 :>
      ( n1 :> [slot |-> 0, tag |-> "A"] @@
        n2 :> [slot |-> 0, tag |-> "A"] @@
        n3 :> [slot |-> 0, tag |-> "A"] @@
        n4 :> [slot |-> 0, tag |-> "A"] @@
        n5 :> [slot |-> -2, tag |-> "NONE"] @@
        n6 :> [slot |-> -2, tag |-> "NONE"] ) @@
  1 :>
      ( n1 :> [slot |-> -2, tag |-> "NONE"] @@
        n2 :> [slot |-> -2, tag |-> "NONE"] @@
        n3 :> [slot |-> -2, tag |-> "NONE"] @@
        n4 :> [slot |-> -2, tag |-> "NONE"] @@
        n5 :> [slot |-> -2, tag |-> "NONE"] @@
        n6 :> [slot |-> -2, tag |-> "NONE"] ) )
/\ timeoutsFired = (0 :> FALSE @@ 1 :> FALSE)
/\ timeoutsArmed = (0 :> FALSE @@ 1 :> FALSE)
/\ parentReady = (0 :> TRUE @@ 1 :> TRUE)
/\ finalized = {[slot |-> -1, tag |-> "G"], [slot |-> 0, tag |-> "A"]}
/\ notarFallbackVotes = ( 0 :> ([slot |-> 0, tag |-> "A"] :> {} @@ [slot |-> 1, tag |-> "A"] :> {}) @@
  1 :> ([slot |-> 0, tag |-> "A"] :> {} @@ [slot |-> 1, tag |-> "A"] :> {}) )
/\ produced = { [slot |-> -1, tag |-> "G"],
  [slot |-> 0, tag |-> "A"],
  [slot |-> 1, tag |-> "A"] }

State 20: <RotorAction line 392, col 33 to line 392, col 76 of module AlpenglowMinimal>
/\ notarizedBlocks = {[slot |-> -1, tag |-> "G"], [slot |-> 0, tag |-> "A"]}
/\ skipFallbackVotes = (0 :> {} @@ 1 :> {})
/\ delivered = ( n1 :>
      { [slot |-> -1, tag |-> "G"],
        [slot |-> 0, tag |-> "A"],
        [slot |-> 1, tag |-> "A"] } @@
  n2 :>
      { [slot |-> -1, tag |-> "G"],
        [slot |-> 0, tag |-> "A"],
        [slot |-> 1, tag |-> "A"] } @@
  n3 :>
      { [slot |-> -1, tag |-> "G"],
        [slot |-> 0, tag |-> "A"],
        [slot |-> 1, tag |-> "A"] } @@
  n4 :>
      { [slot |-> -1, tag |-> "G"],
        [slot |-> 0, tag |-> "A"],
        [slot |-> 1, tag |-> "A"] } @@
  n5 :> {[slot |-> -1, tag |-> "G"]} @@
  n6 :> {[slot |-> -1, tag |-> "G"]} )
/\ fastFinalized = {[slot |-> 0, tag |-> "A"]}
/\ skipVotes = (0 :> {} @@ 1 :> {})
/\ notarVotes = ( 0 :>
      ( [slot |-> 0, tag |-> "A"] :> {n1, n2, n3, n4} @@
        [slot |-> 1, tag |-> "A"] :> {} ) @@
  1 :>
      ( [slot |-> 0, tag |-> "A"] :> {} @@
        [slot |-> 1, tag |-> "A"] :> {n1, n2} ) )
/\ finalVotes = ( 0 :>
      ( n1 :> [slot |-> 0, tag |-> "A"] @@
        n2 :> [slot |-> 0, tag |-> "A"] @@
        n3 :> [slot |-> 0, tag |-> "A"] @@
        n4 :> [slot |-> 0, tag |-> "A"] @@
        n5 :> [slot |-> -2, tag |-> "NONE"] @@
        n6 :> [slot |-> -2, tag |-> "NONE"] ) @@
  1 :>
      ( n1 :> [slot |-> -2, tag |-> "NONE"] @@
        n2 :> [slot |-> -2, tag |-> "NONE"] @@
        n3 :> [slot |-> -2, tag |-> "NONE"] @@
        n4 :> [slot |-> -2, tag |-> "NONE"] @@
        n5 :> [slot |-> -2, tag |-> "NONE"] @@
        n6 :> [slot |-> -2, tag |-> "NONE"] ) )
/\ timeoutsFired = (0 :> FALSE @@ 1 :> FALSE)
/\ timeoutsArmed = (0 :> FALSE @@ 1 :> FALSE)
/\ parentReady = (0 :> TRUE @@ 1 :> TRUE)
/\ finalized = {[slot |-> -1, tag |-> "G"], [slot |-> 0, tag |-> "A"]}
/\ notarFallbackVotes = ( 0 :> ([slot |-> 0, tag |-> "A"] :> {} @@ [slot |-> 1, tag |-> "A"] :> {}) @@
  1 :> ([slot |-> 0, tag |-> "A"] :> {} @@ [slot |-> 1, tag |-> "A"] :> {}) )
/\ produced = { [slot |-> -1, tag |-> "G"],
  [slot |-> 0, tag |-> "A"],
  [slot |-> 1, tag |-> "A"] }

State 21: <HonestNotarize line 228, col 5 to line 233, col 64 of module AlpenglowMinimal>
/\ notarizedBlocks = {[slot |-> -1, tag |-> "G"], [slot |-> 0, tag |-> "A"]}
/\ skipFallbackVotes = (0 :> {} @@ 1 :> {})
/\ delivered = ( n1 :>
      { [slot |-> -1, tag |-> "G"],
        [slot |-> 0, tag |-> "A"],
        [slot |-> 1, tag |-> "A"] } @@
  n2 :>
      { [slot |-> -1, tag |-> "G"],
        [slot |-> 0, tag |-> "A"],
        [slot |-> 1, tag |-> "A"] } @@
  n3 :>
      { [slot |-> -1, tag |-> "G"],
        [slot |-> 0, tag |-> "A"],
        [slot |-> 1, tag |-> "A"] } @@
  n4 :>
      { [slot |-> -1, tag |-> "G"],
        [slot |-> 0, tag |-> "A"],
        [slot |-> 1, tag |-> "A"] } @@
  n5 :> {[slot |-> -1, tag |-> "G"]} @@
  n6 :> {[slot |-> -1, tag |-> "G"]} )
/\ fastFinalized = {[slot |-> 0, tag |-> "A"]}
/\ skipVotes = (0 :> {} @@ 1 :> {})
/\ notarVotes = ( 0 :>
      ( [slot |-> 0, tag |-> "A"] :> {n1, n2, n3, n4} @@
        [slot |-> 1, tag |-> "A"] :> {} ) @@
  1 :>
      ( [slot |-> 0, tag |-> "A"] :> {} @@
        [slot |-> 1, tag |-> "A"] :> {n1, n2, n3} ) )
/\ finalVotes = ( 0 :>
      ( n1 :> [slot |-> 0, tag |-> "A"] @@
        n2 :> [slot |-> 0, tag |-> "A"] @@
        n3 :> [slot |-> 0, tag |-> "A"] @@
        n4 :> [slot |-> 0, tag |-> "A"] @@
        n5 :> [slot |-> -2, tag |-> "NONE"] @@
        n6 :> [slot |-> -2, tag |-> "NONE"] ) @@
  1 :>
      ( n1 :> [slot |-> -2, tag |-> "NONE"] @@
        n2 :> [slot |-> -2, tag |-> "NONE"] @@
        n3 :> [slot |-> -2, tag |-> "NONE"] @@
        n4 :> [slot |-> -2, tag |-> "NONE"] @@
        n5 :> [slot |-> -2, tag |-> "NONE"] @@
        n6 :> [slot |-> -2, tag |-> "NONE"] ) )
/\ timeoutsFired = (0 :> FALSE @@ 1 :> FALSE)
/\ timeoutsArmed = (0 :> FALSE @@ 1 :> FALSE)
/\ parentReady = (0 :> TRUE @@ 1 :> TRUE)
/\ finalized = {[slot |-> -1, tag |-> "G"], [slot |-> 0, tag |-> "A"]}
/\ notarFallbackVotes = ( 0 :> ([slot |-> 0, tag |-> "A"] :> {} @@ [slot |-> 1, tag |-> "A"] :> {}) @@
  1 :> ([slot |-> 0, tag |-> "A"] :> {} @@ [slot |-> 1, tag |-> "A"] :> {}) )
/\ produced = { [slot |-> -1, tag |-> "G"],
  [slot |-> 0, tag |-> "A"],
  [slot |-> 1, tag |-> "A"] }

State 22: <HonestNotarize line 228, col 5 to line 233, col 64 of module AlpenglowMinimal>
/\ notarizedBlocks = {[slot |-> -1, tag |-> "G"], [slot |-> 0, tag |-> "A"]}
/\ skipFallbackVotes = (0 :> {} @@ 1 :> {})
/\ delivered = ( n1 :>
      { [slot |-> -1, tag |-> "G"],
        [slot |-> 0, tag |-> "A"],
        [slot |-> 1, tag |-> "A"] } @@
  n2 :>
      { [slot |-> -1, tag |-> "G"],
        [slot |-> 0, tag |-> "A"],
        [slot |-> 1, tag |-> "A"] } @@
  n3 :>
      { [slot |-> -1, tag |-> "G"],
        [slot |-> 0, tag |-> "A"],
        [slot |-> 1, tag |-> "A"] } @@
  n4 :>
      { [slot |-> -1, tag |-> "G"],
        [slot |-> 0, tag |-> "A"],
        [slot |-> 1, tag |-> "A"] } @@
  n5 :> {[slot |-> -1, tag |-> "G"]} @@
  n6 :> {[slot |-> -1, tag |-> "G"]} )
/\ fastFinalized = {[slot |-> 0, tag |-> "A"]}
/\ skipVotes = (0 :> {} @@ 1 :> {})
/\ notarVotes = ( 0 :>
      ( [slot |-> 0, tag |-> "A"] :> {n1, n2, n3, n4} @@
        [slot |-> 1, tag |-> "A"] :> {} ) @@
  1 :>
      ( [slot |-> 0, tag |-> "A"] :> {} @@
        [slot |-> 1, tag |-> "A"] :> {n1, n2, n3, n4} ) )
/\ finalVotes = ( 0 :>
      ( n1 :> [slot |-> 0, tag |-> "A"] @@
        n2 :> [slot |-> 0, tag |-> "A"] @@
        n3 :> [slot |-> 0, tag |-> "A"] @@
        n4 :> [slot |-> 0, tag |-> "A"] @@
        n5 :> [slot |-> -2, tag |-> "NONE"] @@
        n6 :> [slot |-> -2, tag |-> "NONE"] ) @@
  1 :>
      ( n1 :> [slot |-> -2, tag |-> "NONE"] @@
        n2 :> [slot |-> -2, tag |-> "NONE"] @@
        n3 :> [slot |-> -2, tag |-> "NONE"] @@
        n4 :> [slot |-> -2, tag |-> "NONE"] @@
        n5 :> [slot |-> -2, tag |-> "NONE"] @@
        n6 :> [slot |-> -2, tag |-> "NONE"] ) )
/\ timeoutsFired = (0 :> FALSE @@ 1 :> FALSE)
/\ timeoutsArmed = (0 :> FALSE @@ 1 :> FALSE)
/\ parentReady = (0 :> TRUE @@ 1 :> TRUE)
/\ finalized = {[slot |-> -1, tag |-> "G"], [slot |-> 0, tag |-> "A"]}
/\ notarFallbackVotes = ( 0 :> ([slot |-> 0, tag |-> "A"] :> {} @@ [slot |-> 1, tag |-> "A"] :> {}) @@
  1 :> ([slot |-> 0, tag |-> "A"] :> {} @@ [slot |-> 1, tag |-> "A"] :> {}) )
/\ produced = { [slot |-> -1, tag |-> "G"],
  [slot |-> 0, tag |-> "A"],
  [slot |-> 1, tag |-> "A"] }

State 23: <HonestFinalVote line 257, col 5 to line 261, col 64 of module AlpenglowMinimal>
/\ notarizedBlocks = {[slot |-> -1, tag |-> "G"], [slot |-> 0, tag |-> "A"]}
/\ skipFallbackVotes = (0 :> {} @@ 1 :> {})
/\ delivered = ( n1 :>
      { [slot |-> -1, tag |-> "G"],
        [slot |-> 0, tag |-> "A"],
        [slot |-> 1, tag |-> "A"] } @@
  n2 :>
      { [slot |-> -1, tag |-> "G"],
        [slot |-> 0, tag |-> "A"],
        [slot |-> 1, tag |-> "A"] } @@
  n3 :>
      { [slot |-> -1, tag |-> "G"],
        [slot |-> 0, tag |-> "A"],
        [slot |-> 1, tag |-> "A"] } @@
  n4 :>
      { [slot |-> -1, tag |-> "G"],
        [slot |-> 0, tag |-> "A"],
        [slot |-> 1, tag |-> "A"] } @@
  n5 :> {[slot |-> -1, tag |-> "G"]} @@
  n6 :> {[slot |-> -1, tag |-> "G"]} )
/\ fastFinalized = {[slot |-> 0, tag |-> "A"]}
/\ skipVotes = (0 :> {} @@ 1 :> {})
/\ notarVotes = ( 0 :>
      ( [slot |-> 0, tag |-> "A"] :> {n1, n2, n3, n4} @@
        [slot |-> 1, tag |-> "A"] :> {} ) @@
  1 :>
      ( [slot |-> 0, tag |-> "A"] :> {} @@
        [slot |-> 1, tag |-> "A"] :> {n1, n2, n3, n4} ) )
/\ finalVotes = ( 0 :>
      ( n1 :> [slot |-> 0, tag |-> "A"] @@
        n2 :> [slot |-> 0, tag |-> "A"] @@
        n3 :> [slot |-> 0, tag |-> "A"] @@
        n4 :> [slot |-> 0, tag |-> "A"] @@
        n5 :> [slot |-> -2, tag |-> "NONE"] @@
        n6 :> [slot |-> -2, tag |-> "NONE"] ) @@
  1 :>
      ( n1 :> [slot |-> 1, tag |-> "A"] @@
        n2 :> [slot |-> -2, tag |-> "NONE"] @@
        n3 :> [slot |-> -2, tag |-> "NONE"] @@
        n4 :> [slot |-> -2, tag |-> "NONE"] @@
        n5 :> [slot |-> -2, tag |-> "NONE"] @@
        n6 :> [slot |-> -2, tag |-> "NONE"] ) )
/\ timeoutsFired = (0 :> FALSE @@ 1 :> FALSE)
/\ timeoutsArmed = (0 :> FALSE @@ 1 :> FALSE)
/\ parentReady = (0 :> TRUE @@ 1 :> TRUE)
/\ finalized = {[slot |-> -1, tag |-> "G"], [slot |-> 0, tag |-> "A"]}
/\ notarFallbackVotes = ( 0 :> ([slot |-> 0, tag |-> "A"] :> {} @@ [slot |-> 1, tag |-> "A"] :> {}) @@
  1 :> ([slot |-> 0, tag |-> "A"] :> {} @@ [slot |-> 1, tag |-> "A"] :> {}) )
/\ produced = { [slot |-> -1, tag |-> "G"],
  [slot |-> 0, tag |-> "A"],
  [slot |-> 1, tag |-> "A"] }

State 24: <HonestFinalVote line 257, col 5 to line 261, col 64 of module AlpenglowMinimal>
/\ notarizedBlocks = {[slot |-> -1, tag |-> "G"], [slot |-> 0, tag |-> "A"]}
/\ skipFallbackVotes = (0 :> {} @@ 1 :> {})
/\ delivered = ( n1 :>
      { [slot |-> -1, tag |-> "G"],
        [slot |-> 0, tag |-> "A"],
        [slot |-> 1, tag |-> "A"] } @@
  n2 :>
      { [slot |-> -1, tag |-> "G"],
        [slot |-> 0, tag |-> "A"],
        [slot |-> 1, tag |-> "A"] } @@
  n3 :>
      { [slot |-> -1, tag |-> "G"],
        [slot |-> 0, tag |-> "A"],
        [slot |-> 1, tag |-> "A"] } @@
  n4 :>
      { [slot |-> -1, tag |-> "G"],
        [slot |-> 0, tag |-> "A"],
        [slot |-> 1, tag |-> "A"] } @@
  n5 :> {[slot |-> -1, tag |-> "G"]} @@
  n6 :> {[slot |-> -1, tag |-> "G"]} )
/\ fastFinalized = {[slot |-> 0, tag |-> "A"]}
/\ skipVotes = (0 :> {} @@ 1 :> {})
/\ notarVotes = ( 0 :>
      ( [slot |-> 0, tag |-> "A"] :> {n1, n2, n3, n4} @@
        [slot |-> 1, tag |-> "A"] :> {} ) @@
  1 :>
      ( [slot |-> 0, tag |-> "A"] :> {} @@
        [slot |-> 1, tag |-> "A"] :> {n1, n2, n3, n4} ) )
/\ finalVotes = ( 0 :>
      ( n1 :> [slot |-> 0, tag |-> "A"] @@
        n2 :> [slot |-> 0, tag |-> "A"] @@
        n3 :> [slot |-> 0, tag |-> "A"] @@
        n4 :> [slot |-> 0, tag |-> "A"] @@
        n5 :> [slot |-> -2, tag |-> "NONE"] @@
        n6 :> [slot |-> -2, tag |-> "NONE"] ) @@
  1 :>
      ( n1 :> [slot |-> 1, tag |-> "A"] @@
        n2 :> [slot |-> 1, tag |-> "A"] @@
        n3 :> [slot |-> -2, tag |-> "NONE"] @@
        n4 :> [slot |-> -2, tag |-> "NONE"] @@
        n5 :> [slot |-> -2, tag |-> "NONE"] @@
        n6 :> [slot |-> -2, tag |-> "NONE"] ) )
/\ timeoutsFired = (0 :> FALSE @@ 1 :> FALSE)
/\ timeoutsArmed = (0 :> FALSE @@ 1 :> FALSE)
/\ parentReady = (0 :> TRUE @@ 1 :> TRUE)
/\ finalized = {[slot |-> -1, tag |-> "G"], [slot |-> 0, tag |-> "A"]}
/\ notarFallbackVotes = ( 0 :> ([slot |-> 0, tag |-> "A"] :> {} @@ [slot |-> 1, tag |-> "A"] :> {}) @@
  1 :> ([slot |-> 0, tag |-> "A"] :> {} @@ [slot |-> 1, tag |-> "A"] :> {}) )
/\ produced = { [slot |-> -1, tag |-> "G"],
  [slot |-> 0, tag |-> "A"],
  [slot |-> 1, tag |-> "A"] }

State 25: <HonestFinalVote line 257, col 5 to line 261, col 64 of module AlpenglowMinimal>
/\ notarizedBlocks = {[slot |-> -1, tag |-> "G"], [slot |-> 0, tag |-> "A"]}
/\ skipFallbackVotes = (0 :> {} @@ 1 :> {})
/\ delivered = ( n1 :>
      { [slot |-> -1, tag |-> "G"],
        [slot |-> 0, tag |-> "A"],
        [slot |-> 1, tag |-> "A"] } @@
  n2 :>
      { [slot |-> -1, tag |-> "G"],
        [slot |-> 0, tag |-> "A"],
        [slot |-> 1, tag |-> "A"] } @@
  n3 :>
      { [slot |-> -1, tag |-> "G"],
        [slot |-> 0, tag |-> "A"],
        [slot |-> 1, tag |-> "A"] } @@
  n4 :>
      { [slot |-> -1, tag |-> "G"],
        [slot |-> 0, tag |-> "A"],
        [slot |-> 1, tag |-> "A"] } @@
  n5 :> {[slot |-> -1, tag |-> "G"]} @@
  n6 :> {[slot |-> -1, tag |-> "G"]} )
/\ fastFinalized = {[slot |-> 0, tag |-> "A"]}
/\ skipVotes = (0 :> {} @@ 1 :> {})
/\ notarVotes = ( 0 :>
      ( [slot |-> 0, tag |-> "A"] :> {n1, n2, n3, n4} @@
        [slot |-> 1, tag |-> "A"] :> {} ) @@
  1 :>
      ( [slot |-> 0, tag |-> "A"] :> {} @@
        [slot |-> 1, tag |-> "A"] :> {n1, n2, n3, n4} ) )
/\ finalVotes = ( 0 :>
      ( n1 :> [slot |-> 0, tag |-> "A"] @@
        n2 :> [slot |-> 0, tag |-> "A"] @@
        n3 :> [slot |-> 0, tag |-> "A"] @@
        n4 :> [slot |-> 0, tag |-> "A"] @@
        n5 :> [slot |-> -2, tag |-> "NONE"] @@
        n6 :> [slot |-> -2, tag |-> "NONE"] ) @@
  1 :>
      ( n1 :> [slot |-> 1, tag |-> "A"] @@
        n2 :> [slot |-> 1, tag |-> "A"] @@
        n3 :> [slot |-> 1, tag |-> "A"] @@
        n4 :> [slot |-> -2, tag |-> "NONE"] @@
        n5 :> [slot |-> -2, tag |-> "NONE"] @@
        n6 :> [slot |-> -2, tag |-> "NONE"] ) )
/\ timeoutsFired = (0 :> FALSE @@ 1 :> FALSE)
/\ timeoutsArmed = (0 :> FALSE @@ 1 :> FALSE)
/\ parentReady = (0 :> TRUE @@ 1 :> TRUE)
/\ finalized = {[slot |-> -1, tag |-> "G"], [slot |-> 0, tag |-> "A"]}
/\ notarFallbackVotes = ( 0 :> ([slot |-> 0, tag |-> "A"] :> {} @@ [slot |-> 1, tag |-> "A"] :> {}) @@
  1 :> ([slot |-> 0, tag |-> "A"] :> {} @@ [slot |-> 1, tag |-> "A"] :> {}) )
/\ produced = { [slot |-> -1, tag |-> "G"],
  [slot |-> 0, tag |-> "A"],
  [slot |-> 1, tag |-> "A"] }

State 26: <HonestFinalVote line 257, col 5 to line 261, col 64 of module AlpenglowMinimal>
/\ notarizedBlocks = {[slot |-> -1, tag |-> "G"], [slot |-> 0, tag |-> "A"]}
/\ skipFallbackVotes = (0 :> {} @@ 1 :> {})
/\ delivered = ( n1 :>
      { [slot |-> -1, tag |-> "G"],
        [slot |-> 0, tag |-> "A"],
        [slot |-> 1, tag |-> "A"] } @@
  n2 :>
      { [slot |-> -1, tag |-> "G"],
        [slot |-> 0, tag |-> "A"],
        [slot |-> 1, tag |-> "A"] } @@
  n3 :>
      { [slot |-> -1, tag |-> "G"],
        [slot |-> 0, tag |-> "A"],
        [slot |-> 1, tag |-> "A"] } @@
  n4 :>
      { [slot |-> -1, tag |-> "G"],
        [slot |-> 0, tag |-> "A"],
        [slot |-> 1, tag |-> "A"] } @@
  n5 :> {[slot |-> -1, tag |-> "G"]} @@
  n6 :> {[slot |-> -1, tag |-> "G"]} )
/\ fastFinalized = {[slot |-> 0, tag |-> "A"]}
/\ skipVotes = (0 :> {} @@ 1 :> {})
/\ notarVotes = ( 0 :>
      ( [slot |-> 0, tag |-> "A"] :> {n1, n2, n3, n4} @@
        [slot |-> 1, tag |-> "A"] :> {} ) @@
  1 :>
      ( [slot |-> 0, tag |-> "A"] :> {} @@
        [slot |-> 1, tag |-> "A"] :> {n1, n2, n3, n4} ) )
/\ finalVotes = ( 0 :>
      ( n1 :> [slot |-> 0, tag |-> "A"] @@
        n2 :> [slot |-> 0, tag |-> "A"] @@
        n3 :> [slot |-> 0, tag |-> "A"] @@
        n4 :> [slot |-> 0, tag |-> "A"] @@
        n5 :> [slot |-> -2, tag |-> "NONE"] @@
        n6 :> [slot |-> -2, tag |-> "NONE"] ) @@
  1 :>
      ( n1 :> [slot |-> 1, tag |-> "A"] @@
        n2 :> [slot |-> 1, tag |-> "A"] @@
        n3 :> [slot |-> 1, tag |-> "A"] @@
        n4 :> [slot |-> 1, tag |-> "A"] @@
        n5 :> [slot |-> -2, tag |-> "NONE"] @@
        n6 :> [slot |-> -2, tag |-> "NONE"] ) )
/\ timeoutsFired = (0 :> FALSE @@ 1 :> FALSE)
/\ timeoutsArmed = (0 :> FALSE @@ 1 :> FALSE)
/\ parentReady = (0 :> TRUE @@ 1 :> TRUE)
/\ finalized = {[slot |-> -1, tag |-> "G"], [slot |-> 0, tag |-> "A"]}
/\ notarFallbackVotes = ( 0 :> ([slot |-> 0, tag |-> "A"] :> {} @@ [slot |-> 1, tag |-> "A"] :> {}) @@
  1 :> ([slot |-> 0, tag |-> "A"] :> {} @@ [slot |-> 1, tag |-> "A"] :> {}) )
/\ produced = { [slot |-> -1, tag |-> "G"],
  [slot |-> 0, tag |-> "A"],
  [slot |-> 1, tag |-> "A"] }

State 27: <RegisterFastFinalCertificate line 272, col 5 to line 282, col 36 of module AlpenglowMinimal>
/\ notarizedBlocks = { [slot |-> -1, tag |-> "G"],
  [slot |-> 0, tag |-> "A"],
  [slot |-> 1, tag |-> "A"] }
/\ skipFallbackVotes = (0 :> {} @@ 1 :> {})
/\ delivered = ( n1 :>
      { [slot |-> -1, tag |-> "G"],
        [slot |-> 0, tag |-> "A"],
        [slot |-> 1, tag |-> "A"] } @@
  n2 :>
      { [slot |-> -1, tag |-> "G"],
        [slot |-> 0, tag |-> "A"],
        [slot |-> 1, tag |-> "A"] } @@
  n3 :>
      { [slot |-> -1, tag |-> "G"],
        [slot |-> 0, tag |-> "A"],
        [slot |-> 1, tag |-> "A"] } @@
  n4 :>
      { [slot |-> -1, tag |-> "G"],
        [slot |-> 0, tag |-> "A"],
        [slot |-> 1, tag |-> "A"] } @@
  n5 :> {[slot |-> -1, tag |-> "G"]} @@
  n6 :> {[slot |-> -1, tag |-> "G"]} )
/\ fastFinalized = {[slot |-> 0, tag |-> "A"], [slot |-> 1, tag |-> "A"]}
/\ skipVotes = (0 :> {} @@ 1 :> {})
/\ notarVotes = ( 0 :>
      ( [slot |-> 0, tag |-> "A"] :> {n1, n2, n3, n4} @@
        [slot |-> 1, tag |-> "A"] :> {} ) @@
  1 :>
      ( [slot |-> 0, tag |-> "A"] :> {} @@
        [slot |-> 1, tag |-> "A"] :> {n1, n2, n3, n4} ) )
/\ finalVotes = ( 0 :>
      ( n1 :> [slot |-> 0, tag |-> "A"] @@
        n2 :> [slot |-> 0, tag |-> "A"] @@
        n3 :> [slot |-> 0, tag |-> "A"] @@
        n4 :> [slot |-> 0, tag |-> "A"] @@
        n5 :> [slot |-> -2, tag |-> "NONE"] @@
        n6 :> [slot |-> -2, tag |-> "NONE"] ) @@
  1 :>
      ( n1 :> [slot |-> 1, tag |-> "A"] @@
        n2 :> [slot |-> 1, tag |-> "A"] @@
        n3 :> [slot |-> 1, tag |-> "A"] @@
        n4 :> [slot |-> 1, tag |-> "A"] @@
        n5 :> [slot |-> -2, tag |-> "NONE"] @@
        n6 :> [slot |-> -2, tag |-> "NONE"] ) )
/\ timeoutsFired = (0 :> FALSE @@ 1 :> FALSE)
/\ timeoutsArmed = (0 :> FALSE @@ 1 :> FALSE)
/\ parentReady = (0 :> TRUE @@ 1 :> TRUE)
/\ finalized = { [slot |-> -1, tag |-> "G"],
  [slot |-> 0, tag |-> "A"],
  [slot |-> 1, tag |-> "A"] }
/\ notarFallbackVotes = ( 0 :> ([slot |-> 0, tag |-> "A"] :> {} @@ [slot |-> 1, tag |-> "A"] :> {}) @@
  1 :> ([slot |-> 0, tag |-> "A"] :> {} @@ [slot |-> 1, tag |-> "A"] :> {}) )
/\ produced = { [slot |-> -1, tag |-> "G"],
  [slot |-> 0, tag |-> "A"],
  [slot |-> 1, tag |-> "A"] }

State 28: <RotorAction line 392, col 33 to line 392, col 76 of module AlpenglowMinimal>
/\ notarizedBlocks = { [slot |-> -1, tag |-> "G"],
  [slot |-> 0, tag |-> "A"],
  [slot |-> 1, tag |-> "A"] }
/\ skipFallbackVotes = (0 :> {} @@ 1 :> {})
/\ delivered = ( n1 :>
      { [slot |-> -1, tag |-> "G"],
        [slot |-> 0, tag |-> "A"],
        [slot |-> 1, tag |-> "A"] } @@
  n2 :>
      { [slot |-> -1, tag |-> "G"],
        [slot |-> 0, tag |-> "A"],
        [slot |-> 1, tag |-> "A"] } @@
  n3 :>
      { [slot |-> -1, tag |-> "G"],
        [slot |-> 0, tag |-> "A"],
        [slot |-> 1, tag |-> "A"] } @@
  n4 :>
      { [slot |-> -1, tag |-> "G"],
        [slot |-> 0, tag |-> "A"],
        [slot |-> 1, tag |-> "A"] } @@
  n5 :> {[slot |-> -1, tag |-> "G"], [slot |-> 0, tag |-> "A"]} @@
  n6 :> {[slot |-> -1, tag |-> "G"]} )
/\ fastFinalized = {[slot |-> 0, tag |-> "A"], [slot |-> 1, tag |-> "A"]}
/\ skipVotes = (0 :> {} @@ 1 :> {})
/\ notarVotes = ( 0 :>
      ( [slot |-> 0, tag |-> "A"] :> {n1, n2, n3, n4} @@
        [slot |-> 1, tag |-> "A"] :> {} ) @@
  1 :>
      ( [slot |-> 0, tag |-> "A"] :> {} @@
        [slot |-> 1, tag |-> "A"] :> {n1, n2, n3, n4} ) )
/\ finalVotes = ( 0 :>
      ( n1 :> [slot |-> 0, tag |-> "A"] @@
        n2 :> [slot |-> 0, tag |-> "A"] @@
        n3 :> [slot |-> 0, tag |-> "A"] @@
        n4 :> [slot |-> 0, tag |-> "A"] @@
        n5 :> [slot |-> -2, tag |-> "NONE"] @@
        n6 :> [slot |-> -2, tag |-> "NONE"] ) @@
  1 :>
      ( n1 :> [slot |-> 1, tag |-> "A"] @@
        n2 :> [slot |-> 1, tag |-> "A"] @@
        n3 :> [slot |-> 1, tag |-> "A"] @@
        n4 :> [slot |-> 1, tag |-> "A"] @@
        n5 :> [slot |-> -2, tag |-> "NONE"] @@
        n6 :> [slot |-> -2, tag |-> "NONE"] ) )
/\ timeoutsFired = (0 :> FALSE @@ 1 :> FALSE)
/\ timeoutsArmed = (0 :> FALSE @@ 1 :> FALSE)
/\ parentReady = (0 :> TRUE @@ 1 :> TRUE)
/\ finalized = { [slot |-> -1, tag |-> "G"],
  [slot |-> 0, tag |-> "A"],
  [slot |-> 1, tag |-> "A"] }
/\ notarFallbackVotes = ( 0 :> ([slot |-> 0, tag |-> "A"] :> {} @@ [slot |-> 1, tag |-> "A"] :> {}) @@
  1 :> ([slot |-> 0, tag |-> "A"] :> {} @@ [slot |-> 1, tag |-> "A"] :> {}) )
/\ produced = { [slot |-> -1, tag |-> "G"],
  [slot |-> 0, tag |-> "A"],
  [slot |-> 1, tag |-> "A"] }

State 29: <HonestNotarize line 228, col 5 to line 233, col 64 of module AlpenglowMinimal>
/\ notarizedBlocks = { [slot |-> -1, tag |-> "G"],
  [slot |-> 0, tag |-> "A"],
  [slot |-> 1, tag |-> "A"] }
/\ skipFallbackVotes = (0 :> {} @@ 1 :> {})
/\ delivered = ( n1 :>
      { [slot |-> -1, tag |-> "G"],
        [slot |-> 0, tag |-> "A"],
        [slot |-> 1, tag |-> "A"] } @@
  n2 :>
      { [slot |-> -1, tag |-> "G"],
        [slot |-> 0, tag |-> "A"],
        [slot |-> 1, tag |-> "A"] } @@
  n3 :>
      { [slot |-> -1, tag |-> "G"],
        [slot |-> 0, tag |-> "A"],
        [slot |-> 1, tag |-> "A"] } @@
  n4 :>
      { [slot |-> -1, tag |-> "G"],
        [slot |-> 0, tag |-> "A"],
        [slot |-> 1, tag |-> "A"] } @@
  n5 :> {[slot |-> -1, tag |-> "G"], [slot |-> 0, tag |-> "A"]} @@
  n6 :> {[slot |-> -1, tag |-> "G"]} )
/\ fastFinalized = {[slot |-> 0, tag |-> "A"], [slot |-> 1, tag |-> "A"]}
/\ skipVotes = (0 :> {} @@ 1 :> {})
/\ notarVotes = ( 0 :>
      ( [slot |-> 0, tag |-> "A"] :> {n1, n2, n3, n4, n5} @@
        [slot |-> 1, tag |-> "A"] :> {} ) @@
  1 :>
      ( [slot |-> 0, tag |-> "A"] :> {} @@
        [slot |-> 1, tag |-> "A"] :> {n1, n2, n3, n4} ) )
/\ finalVotes = ( 0 :>
      ( n1 :> [slot |-> 0, tag |-> "A"] @@
        n2 :> [slot |-> 0, tag |-> "A"] @@
        n3 :> [slot |-> 0, tag |-> "A"] @@
        n4 :> [slot |-> 0, tag |-> "A"] @@
        n5 :> [slot |-> -2, tag |-> "NONE"] @@
        n6 :> [slot |-> -2, tag |-> "NONE"] ) @@
  1 :>
      ( n1 :> [slot |-> 1, tag |-> "A"] @@
        n2 :> [slot |-> 1, tag |-> "A"] @@
        n3 :> [slot |-> 1, tag |-> "A"] @@
        n4 :> [slot |-> 1, tag |-> "A"] @@
        n5 :> [slot |-> -2, tag |-> "NONE"] @@
        n6 :> [slot |-> -2, tag |-> "NONE"] ) )
/\ timeoutsFired = (0 :> FALSE @@ 1 :> FALSE)
/\ timeoutsArmed = (0 :> FALSE @@ 1 :> FALSE)
/\ parentReady = (0 :> TRUE @@ 1 :> TRUE)
/\ finalized = { [slot |-> -1, tag |-> "G"],
  [slot |-> 0, tag |-> "A"],
  [slot |-> 1, tag |-> "A"] }
/\ notarFallbackVotes = ( 0 :> ([slot |-> 0, tag |-> "A"] :> {} @@ [slot |-> 1, tag |-> "A"] :> {}) @@
  1 :> ([slot |-> 0, tag |-> "A"] :> {} @@ [slot |-> 1, tag |-> "A"] :> {}) )
/\ produced = { [slot |-> -1, tag |-> "G"],
  [slot |-> 0, tag |-> "A"],
  [slot |-> 1, tag |-> "A"] }

State 30: <RotorAction line 392, col 33 to line 392, col 76 of module AlpenglowMinimal>
/\ notarizedBlocks = { [slot |-> -1, tag |-> "G"],
  [slot |-> 0, tag |-> "A"],
  [slot |-> 1, tag |-> "A"] }
/\ skipFallbackVotes = (0 :> {} @@ 1 :> {})
/\ delivered = ( n1 :>
      { [slot |-> -1, tag |-> "G"],
        [slot |-> 0, tag |-> "A"],
        [slot |-> 1, tag |-> "A"] } @@
  n2 :>
      { [slot |-> -1, tag |-> "G"],
        [slot |-> 0, tag |-> "A"],
        [slot |-> 1, tag |-> "A"] } @@
  n3 :>
      { [slot |-> -1, tag |-> "G"],
        [slot |-> 0, tag |-> "A"],
        [slot |-> 1, tag |-> "A"] } @@
  n4 :>
      { [slot |-> -1, tag |-> "G"],
        [slot |-> 0, tag |-> "A"],
        [slot |-> 1, tag |-> "A"] } @@
  n5 :> {[slot |-> -1, tag |-> "G"], [slot |-> 0, tag |-> "A"]} @@
  n6 :> {[slot |-> -1, tag |-> "G"], [slot |-> 0, tag |-> "A"]} )
/\ fastFinalized = {[slot |-> 0, tag |-> "A"], [slot |-> 1, tag |-> "A"]}
/\ skipVotes = (0 :> {} @@ 1 :> {})
/\ notarVotes = ( 0 :>
      ( [slot |-> 0, tag |-> "A"] :> {n1, n2, n3, n4, n5} @@
        [slot |-> 1, tag |-> "A"] :> {} ) @@
  1 :>
      ( [slot |-> 0, tag |-> "A"] :> {} @@
        [slot |-> 1, tag |-> "A"] :> {n1, n2, n3, n4} ) )
/\ finalVotes = ( 0 :>
      ( n1 :> [slot |-> 0, tag |-> "A"] @@
        n2 :> [slot |-> 0, tag |-> "A"] @@
        n3 :> [slot |-> 0, tag |-> "A"] @@
        n4 :> [slot |-> 0, tag |-> "A"] @@
        n5 :> [slot |-> -2, tag |-> "NONE"] @@
        n6 :> [slot |-> -2, tag |-> "NONE"] ) @@
  1 :>
      ( n1 :> [slot |-> 1, tag |-> "A"] @@
        n2 :> [slot |-> 1, tag |-> "A"] @@
        n3 :> [slot |-> 1, tag |-> "A"] @@
        n4 :> [slot |-> 1, tag |-> "A"] @@
        n5 :> [slot |-> -2, tag |-> "NONE"] @@
        n6 :> [slot |-> -2, tag |-> "NONE"] ) )
/\ timeoutsFired = (0 :> FALSE @@ 1 :> FALSE)
/\ timeoutsArmed = (0 :> FALSE @@ 1 :> FALSE)
/\ parentReady = (0 :> TRUE @@ 1 :> TRUE)
/\ finalized = { [slot |-> -1, tag |-> "G"],
  [slot |-> 0, tag |-> "A"],
  [slot |-> 1, tag |-> "A"] }
/\ notarFallbackVotes = ( 0 :> ([slot |-> 0, tag |-> "A"] :> {} @@ [slot |-> 1, tag |-> "A"] :> {}) @@
  1 :> ([slot |-> 0, tag |-> "A"] :> {} @@ [slot |-> 1, tag |-> "A"] :> {}) )
/\ produced = { [slot |-> -1, tag |-> "G"],
  [slot |-> 0, tag |-> "A"],
  [slot |-> 1, tag |-> "A"] }

State 31: <HonestFinalVote line 257, col 5 to line 261, col 64 of module AlpenglowMinimal>
/\ notarizedBlocks = { [slot |-> -1, tag |-> "G"],
  [slot |-> 0, tag |-> "A"],
  [slot |-> 1, tag |-> "A"] }
/\ skipFallbackVotes = (0 :> {} @@ 1 :> {})
/\ delivered = ( n1 :>
      { [slot |-> -1, tag |-> "G"],
        [slot |-> 0, tag |-> "A"],
        [slot |-> 1, tag |-> "A"] } @@
  n2 :>
      { [slot |-> -1, tag |-> "G"],
        [slot |-> 0, tag |-> "A"],
        [slot |-> 1, tag |-> "A"] } @@
  n3 :>
      { [slot |-> -1, tag |-> "G"],
        [slot |-> 0, tag |-> "A"],
        [slot |-> 1, tag |-> "A"] } @@
  n4 :>
      { [slot |-> -1, tag |-> "G"],
        [slot |-> 0, tag |-> "A"],
        [slot |-> 1, tag |-> "A"] } @@
  n5 :> {[slot |-> -1, tag |-> "G"], [slot |-> 0, tag |-> "A"]} @@
  n6 :> {[slot |-> -1, tag |-> "G"], [slot |-> 0, tag |-> "A"]} )
/\ fastFinalized = {[slot |-> 0, tag |-> "A"], [slot |-> 1, tag |-> "A"]}
/\ skipVotes = (0 :> {} @@ 1 :> {})
/\ notarVotes = ( 0 :>
      ( [slot |-> 0, tag |-> "A"] :> {n1, n2, n3, n4, n5} @@
        [slot |-> 1, tag |-> "A"] :> {} ) @@
  1 :>
      ( [slot |-> 0, tag |-> "A"] :> {} @@
        [slot |-> 1, tag |-> "A"] :> {n1, n2, n3, n4} ) )
/\ finalVotes = ( 0 :>
      ( n1 :> [slot |-> 0, tag |-> "A"] @@
        n2 :> [slot |-> 0, tag |-> "A"] @@
        n3 :> [slot |-> 0, tag |-> "A"] @@
        n4 :> [slot |-> 0, tag |-> "A"] @@
        n5 :> [slot |-> 0, tag |-> "A"] @@
        n6 :> [slot |-> -2, tag |-> "NONE"] ) @@
  1 :>
      ( n1 :> [slot |-> 1, tag |-> "A"] @@
        n2 :> [slot |-> 1, tag |-> "A"] @@
        n3 :> [slot |-> 1, tag |-> "A"] @@
        n4 :> [slot |-> 1, tag |-> "A"] @@
        n5 :> [slot |-> -2, tag |-> "NONE"] @@
        n6 :> [slot |-> -2, tag |-> "NONE"] ) )
/\ timeoutsFired = (0 :> FALSE @@ 1 :> FALSE)
/\ timeoutsArmed = (0 :> FALSE @@ 1 :> FALSE)
/\ parentReady = (0 :> TRUE @@ 1 :> TRUE)
/\ finalized = { [slot |-> -1, tag |-> "G"],
  [slot |-> 0, tag |-> "A"],
  [slot |-> 1, tag |-> "A"] }
/\ notarFallbackVotes = ( 0 :> ([slot |-> 0, tag |-> "A"] :> {} @@ [slot |-> 1, tag |-> "A"] :> {}) @@
  1 :> ([slot |-> 0, tag |-> "A"] :> {} @@ [slot |-> 1, tag |-> "A"] :> {}) )
/\ produced = { [slot |-> -1, tag |-> "G"],
  [slot |-> 0, tag |-> "A"],
  [slot |-> 1, tag |-> "A"] }

State 32: <RotorAction line 392, col 33 to line 392, col 76 of module AlpenglowMinimal>
/\ notarizedBlocks = { [slot |-> -1, tag |-> "G"],
  [slot |-> 0, tag |-> "A"],
  [slot |-> 1, tag |-> "A"] }
/\ skipFallbackVotes = (0 :> {} @@ 1 :> {})
/\ delivered = ( n1 :>
      { [slot |-> -1, tag |-> "G"],
        [slot |-> 0, tag |-> "A"],
        [slot |-> 1, tag |-> "A"] } @@
  n2 :>
      { [slot |-> -1, tag |-> "G"],
        [slot |-> 0, tag |-> "A"],
        [slot |-> 1, tag |-> "A"] } @@
  n3 :>
      { [slot |-> -1, tag |-> "G"],
        [slot |-> 0, tag |-> "A"],
        [slot |-> 1, tag |-> "A"] } @@
  n4 :>
      { [slot |-> -1, tag |-> "G"],
        [slot |-> 0, tag |-> "A"],
        [slot |-> 1, tag |-> "A"] } @@
  n5 :>
      { [slot |-> -1, tag |-> "G"],
        [slot |-> 0, tag |-> "A"],
        [slot |-> 1, tag |-> "A"] } @@
  n6 :> {[slot |-> -1, tag |-> "G"], [slot |-> 0, tag |-> "A"]} )
/\ fastFinalized = {[slot |-> 0, tag |-> "A"], [slot |-> 1, tag |-> "A"]}
/\ skipVotes = (0 :> {} @@ 1 :> {})
/\ notarVotes = ( 0 :>
      ( [slot |-> 0, tag |-> "A"] :> {n1, n2, n3, n4, n5} @@
        [slot |-> 1, tag |-> "A"] :> {} ) @@
  1 :>
      ( [slot |-> 0, tag |-> "A"] :> {} @@
        [slot |-> 1, tag |-> "A"] :> {n1, n2, n3, n4} ) )
/\ finalVotes = ( 0 :>
      ( n1 :> [slot |-> 0, tag |-> "A"] @@
        n2 :> [slot |-> 0, tag |-> "A"] @@
        n3 :> [slot |-> 0, tag |-> "A"] @@
        n4 :> [slot |-> 0, tag |-> "A"] @@
        n5 :> [slot |-> 0, tag |-> "A"] @@
        n6 :> [slot |-> -2, tag |-> "NONE"] ) @@
  1 :>
      ( n1 :> [slot |-> 1, tag |-> "A"] @@
        n2 :> [slot |-> 1, tag |-> "A"] @@
        n3 :> [slot |-> 1, tag |-> "A"] @@
        n4 :> [slot |-> 1, tag |-> "A"] @@
        n5 :> [slot |-> -2, tag |-> "NONE"] @@
        n6 :> [slot |-> -2, tag |-> "NONE"] ) )
/\ timeoutsFired = (0 :> FALSE @@ 1 :> FALSE)
/\ timeoutsArmed = (0 :> FALSE @@ 1 :> FALSE)
/\ parentReady = (0 :> TRUE @@ 1 :> TRUE)
/\ finalized = { [slot |-> -1, tag |-> "G"],
  [slot |-> 0, tag |-> "A"],
  [slot |-> 1, tag |-> "A"] }
/\ notarFallbackVotes = ( 0 :> ([slot |-> 0, tag |-> "A"] :> {} @@ [slot |-> 1, tag |-> "A"] :> {}) @@
  1 :> ([slot |-> 0, tag |-> "A"] :> {} @@ [slot |-> 1, tag |-> "A"] :> {}) )
/\ produced = { [slot |-> -1, tag |-> "G"],
  [slot |-> 0, tag |-> "A"],
  [slot |-> 1, tag |-> "A"] }

State 33: <HonestNotarize line 228, col 5 to line 233, col 64 of module AlpenglowMinimal>
/\ notarizedBlocks = { [slot |-> -1, tag |-> "G"],
  [slot |-> 0, tag |-> "A"],
  [slot |-> 1, tag |-> "A"] }
/\ skipFallbackVotes = (0 :> {} @@ 1 :> {})
/\ delivered = ( n1 :>
      { [slot |-> -1, tag |-> "G"],
        [slot |-> 0, tag |-> "A"],
        [slot |-> 1, tag |-> "A"] } @@
  n2 :>
      { [slot |-> -1, tag |-> "G"],
        [slot |-> 0, tag |-> "A"],
        [slot |-> 1, tag |-> "A"] } @@
  n3 :>
      { [slot |-> -1, tag |-> "G"],
        [slot |-> 0, tag |-> "A"],
        [slot |-> 1, tag |-> "A"] } @@
  n4 :>
      { [slot |-> -1, tag |-> "G"],
        [slot |-> 0, tag |-> "A"],
        [slot |-> 1, tag |-> "A"] } @@
  n5 :>
      { [slot |-> -1, tag |-> "G"],
        [slot |-> 0, tag |-> "A"],
        [slot |-> 1, tag |-> "A"] } @@
  n6 :> {[slot |-> -1, tag |-> "G"], [slot |-> 0, tag |-> "A"]} )
/\ fastFinalized = {[slot |-> 0, tag |-> "A"], [slot |-> 1, tag |-> "A"]}
/\ skipVotes = (0 :> {} @@ 1 :> {})
/\ notarVotes = ( 0 :>
      ( [slot |-> 0, tag |-> "A"] :> {n1, n2, n3, n4, n5} @@
        [slot |-> 1, tag |-> "A"] :> {} ) @@
  1 :>
      ( [slot |-> 0, tag |-> "A"] :> {} @@
        [slot |-> 1, tag |-> "A"] :> {n1, n2, n3, n4, n5} ) )
/\ finalVotes = ( 0 :>
      ( n1 :> [slot |-> 0, tag |-> "A"] @@
        n2 :> [slot |-> 0, tag |-> "A"] @@
        n3 :> [slot |-> 0, tag |-> "A"] @@
        n4 :> [slot |-> 0, tag |-> "A"] @@
        n5 :> [slot |-> 0, tag |-> "A"] @@
        n6 :> [slot |-> -2, tag |-> "NONE"] ) @@
  1 :>
      ( n1 :> [slot |-> 1, tag |-> "A"] @@
        n2 :> [slot |-> 1, tag |-> "A"] @@
        n3 :> [slot |-> 1, tag |-> "A"] @@
        n4 :> [slot |-> 1, tag |-> "A"] @@
        n5 :> [slot |-> -2, tag |-> "NONE"] @@
        n6 :> [slot |-> -2, tag |-> "NONE"] ) )
/\ timeoutsFired = (0 :> FALSE @@ 1 :> FALSE)
/\ timeoutsArmed = (0 :> FALSE @@ 1 :> FALSE)
/\ parentReady = (0 :> TRUE @@ 1 :> TRUE)
/\ finalized = { [slot |-> -1, tag |-> "G"],
  [slot |-> 0, tag |-> "A"],
  [slot |-> 1, tag |-> "A"] }
/\ notarFallbackVotes = ( 0 :> ([slot |-> 0, tag |-> "A"] :> {} @@ [slot |-> 1, tag |-> "A"] :> {}) @@
  1 :> ([slot |-> 0, tag |-> "A"] :> {} @@ [slot |-> 1, tag |-> "A"] :> {}) )
/\ produced = { [slot |-> -1, tag |-> "G"],
  [slot |-> 0, tag |-> "A"],
  [slot |-> 1, tag |-> "A"] }

State 34: <RotorAction line 392, col 33 to line 392, col 76 of module AlpenglowMinimal>
/\ notarizedBlocks = { [slot |-> -1, tag |-> "G"],
  [slot |-> 0, tag |-> "A"],
  [slot |-> 1, tag |-> "A"] }
/\ skipFallbackVotes = (0 :> {} @@ 1 :> {})
/\ delivered = ( n1 :>
      { [slot |-> -1, tag |-> "G"],
        [slot |-> 0, tag |-> "A"],
        [slot |-> 1, tag |-> "A"] } @@
  n2 :>
      { [slot |-> -1, tag |-> "G"],
        [slot |-> 0, tag |-> "A"],
        [slot |-> 1, tag |-> "A"] } @@
  n3 :>
      { [slot |-> -1, tag |-> "G"],
        [slot |-> 0, tag |-> "A"],
        [slot |-> 1, tag |-> "A"] } @@
  n4 :>
      { [slot |-> -1, tag |-> "G"],
        [slot |-> 0, tag |-> "A"],
        [slot |-> 1, tag |-> "A"] } @@
  n5 :>
      { [slot |-> -1, tag |-> "G"],
        [slot |-> 0, tag |-> "A"],
        [slot |-> 1, tag |-> "A"] } @@
  n6 :>
      { [slot |-> -1, tag |-> "G"],
        [slot |-> 0, tag |-> "A"],
        [slot |-> 1, tag |-> "A"] } )
/\ fastFinalized = {[slot |-> 0, tag |-> "A"], [slot |-> 1, tag |-> "A"]}
/\ skipVotes = (0 :> {} @@ 1 :> {})
/\ notarVotes = ( 0 :>
      ( [slot |-> 0, tag |-> "A"] :> {n1, n2, n3, n4, n5} @@
        [slot |-> 1, tag |-> "A"] :> {} ) @@
  1 :>
      ( [slot |-> 0, tag |-> "A"] :> {} @@
        [slot |-> 1, tag |-> "A"] :> {n1, n2, n3, n4, n5} ) )
/\ finalVotes = ( 0 :>
      ( n1 :> [slot |-> 0, tag |-> "A"] @@
        n2 :> [slot |-> 0, tag |-> "A"] @@
        n3 :> [slot |-> 0, tag |-> "A"] @@
        n4 :> [slot |-> 0, tag |-> "A"] @@
        n5 :> [slot |-> 0, tag |-> "A"] @@
        n6 :> [slot |-> -2, tag |-> "NONE"] ) @@
  1 :>
      ( n1 :> [slot |-> 1, tag |-> "A"] @@
        n2 :> [slot |-> 1, tag |-> "A"] @@
        n3 :> [slot |-> 1, tag |-> "A"] @@
        n4 :> [slot |-> 1, tag |-> "A"] @@
        n5 :> [slot |-> -2, tag |-> "NONE"] @@
        n6 :> [slot |-> -2, tag |-> "NONE"] ) )
/\ timeoutsFired = (0 :> FALSE @@ 1 :> FALSE)
/\ timeoutsArmed = (0 :> FALSE @@ 1 :> FALSE)
/\ parentReady = (0 :> TRUE @@ 1 :> TRUE)
/\ finalized = { [slot |-> -1, tag |-> "G"],
  [slot |-> 0, tag |-> "A"],
  [slot |-> 1, tag |-> "A"] }
/\ notarFallbackVotes = ( 0 :> ([slot |-> 0, tag |-> "A"] :> {} @@ [slot |-> 1, tag |-> "A"] :> {}) @@
  1 :> ([slot |-> 0, tag |-> "A"] :> {} @@ [slot |-> 1, tag |-> "A"] :> {}) )
/\ produced = { [slot |-> -1, tag |-> "G"],
  [slot |-> 0, tag |-> "A"],
  [slot |-> 1, tag |-> "A"] }

State 35: <HonestFinalVote line 257, col 5 to line 261, col 64 of module AlpenglowMinimal>
/\ notarizedBlocks = { [slot |-> -1, tag |-> "G"],
  [slot |-> 0, tag |-> "A"],
  [slot |-> 1, tag |-> "A"] }
/\ skipFallbackVotes = (0 :> {} @@ 1 :> {})
/\ delivered = ( n1 :>
      { [slot |-> -1, tag |-> "G"],
        [slot |-> 0, tag |-> "A"],
        [slot |-> 1, tag |-> "A"] } @@
  n2 :>
      { [slot |-> -1, tag |-> "G"],
        [slot |-> 0, tag |-> "A"],
        [slot |-> 1, tag |-> "A"] } @@
  n3 :>
      { [slot |-> -1, tag |-> "G"],
        [slot |-> 0, tag |-> "A"],
        [slot |-> 1, tag |-> "A"] } @@
  n4 :>
      { [slot |-> -1, tag |-> "G"],
        [slot |-> 0, tag |-> "A"],
        [slot |-> 1, tag |-> "A"] } @@
  n5 :>
      { [slot |-> -1, tag |-> "G"],
        [slot |-> 0, tag |-> "A"],
        [slot |-> 1, tag |-> "A"] } @@
  n6 :>
      { [slot |-> -1, tag |-> "G"],
        [slot |-> 0, tag |-> "A"],
        [slot |-> 1, tag |-> "A"] } )
/\ fastFinalized = {[slot |-> 0, tag |-> "A"], [slot |-> 1, tag |-> "A"]}
/\ skipVotes = (0 :> {} @@ 1 :> {})
/\ notarVotes = ( 0 :>
      ( [slot |-> 0, tag |-> "A"] :> {n1, n2, n3, n4, n5} @@
        [slot |-> 1, tag |-> "A"] :> {} ) @@
  1 :>
      ( [slot |-> 0, tag |-> "A"] :> {} @@
        [slot |-> 1, tag |-> "A"] :> {n1, n2, n3, n4, n5} ) )
/\ finalVotes = ( 0 :>
      ( n1 :> [slot |-> 0, tag |-> "A"] @@
        n2 :> [slot |-> 0, tag |-> "A"] @@
        n3 :> [slot |-> 0, tag |-> "A"] @@
        n4 :> [slot |-> 0, tag |-> "A"] @@
        n5 :> [slot |-> 0, tag |-> "A"] @@
        n6 :> [slot |-> -2, tag |-> "NONE"] ) @@
  1 :>
      ( n1 :> [slot |-> 1, tag |-> "A"] @@
        n2 :> [slot |-> 1, tag |-> "A"] @@
        n3 :> [slot |-> 1, tag |-> "A"] @@
        n4 :> [slot |-> 1, tag |-> "A"] @@
        n5 :> [slot |-> 1, tag |-> "A"] @@
        n6 :> [slot |-> -2, tag |-> "NONE"] ) )
/\ timeoutsFired = (0 :> FALSE @@ 1 :> FALSE)
/\ timeoutsArmed = (0 :> FALSE @@ 1 :> FALSE)
/\ parentReady = (0 :> TRUE @@ 1 :> TRUE)
/\ finalized = { [slot |-> -1, tag |-> "G"],
  [slot |-> 0, tag |-> "A"],
  [slot |-> 1, tag |-> "A"] }
/\ notarFallbackVotes = ( 0 :> ([slot |-> 0, tag |-> "A"] :> {} @@ [slot |-> 1, tag |-> "A"] :> {}) @@
  1 :> ([slot |-> 0, tag |-> "A"] :> {} @@ [slot |-> 1, tag |-> "A"] :> {}) )
/\ produced = { [slot |-> -1, tag |-> "G"],
  [slot |-> 0, tag |-> "A"],
  [slot |-> 1, tag |-> "A"] }

437274 states generated, 52921 distinct states found, 0 states left on queue.
The depth of the complete state graph search is 35.
The average outdegree of the complete state graph is 1 (minimum is 0, the maximum 8 and the 95th percentile is 4).
Finished in 13s at (2025-10-17 12:44:48)
